{"/Users/maximkhodyrev/github/Prometheus/assertions/FluentAssertions.js": {"path":"/Users/maximkhodyrev/github/Prometheus/assertions/FluentAssertions.js","statementMap":{"0":{"start":{"line":1,"column":19},"end":{"line":1,"column":34}},"1":{"start":{"line":13,"column":4},"end":{"line":13,"column":25}},"2":{"start":{"line":22,"column":4},"end":{"line":22,"column":124}},"3":{"start":{"line":23,"column":4},"end":{"line":23,"column":16}},"4":{"start":{"line":33,"column":4},"end":{"line":34,"column":90}},"5":{"start":{"line":35,"column":4},"end":{"line":35,"column":16}},"6":{"start":{"line":43,"column":4},"end":{"line":43,"column":49}},"7":{"start":{"line":44,"column":4},"end":{"line":44,"column":44}},"8":{"start":{"line":45,"column":4},"end":{"line":45,"column":16}},"9":{"start":{"line":53,"column":4},"end":{"line":53,"column":68}},"10":{"start":{"line":54,"column":4},"end":{"line":54,"column":16}},"11":{"start":{"line":63,"column":4},"end":{"line":63,"column":56}},"12":{"start":{"line":64,"column":4},"end":{"line":64,"column":16}},"13":{"start":{"line":73,"column":4},"end":{"line":75,"column":7}},"14":{"start":{"line":74,"column":6},"end":{"line":74,"column":54}},"15":{"start":{"line":76,"column":4},"end":{"line":76,"column":16}},"16":{"start":{"line":85,"column":4},"end":{"line":90,"column":7}},"17":{"start":{"line":86,"column":6},"end":{"line":86,"column":53}},"18":{"start":{"line":87,"column":6},"end":{"line":89,"column":7}},"19":{"start":{"line":88,"column":8},"end":{"line":88,"column":67}},"20":{"start":{"line":91,"column":4},"end":{"line":91,"column":16}},"21":{"start":{"line":99,"column":4},"end":{"line":99,"column":47}},"22":{"start":{"line":100,"column":4},"end":{"line":100,"column":16}},"23":{"start":{"line":109,"column":4},"end":{"line":109,"column":54}},"24":{"start":{"line":110,"column":4},"end":{"line":110,"column":16}},"25":{"start":{"line":118,"column":4},"end":{"line":118,"column":48}},"26":{"start":{"line":119,"column":4},"end":{"line":119,"column":16}},"27":{"start":{"line":129,"column":4},"end":{"line":129,"column":75}},"28":{"start":{"line":130,"column":4},"end":{"line":132,"column":5}},"29":{"start":{"line":131,"column":6},"end":{"line":131,"column":82}},"30":{"start":{"line":133,"column":4},"end":{"line":133,"column":16}},"31":{"start":{"line":142,"column":4},"end":{"line":142,"column":59}},"32":{"start":{"line":143,"column":4},"end":{"line":143,"column":16}},"33":{"start":{"line":152,"column":4},"end":{"line":152,"column":57}},"34":{"start":{"line":153,"column":4},"end":{"line":153,"column":16}},"35":{"start":{"line":164,"column":4},"end":{"line":166,"column":5}},"36":{"start":{"line":165,"column":6},"end":{"line":165,"column":60}},"37":{"start":{"line":167,"column":4},"end":{"line":167,"column":16}},"38":{"start":{"line":175,"column":4},"end":{"line":175,"column":16}},"39":{"start":{"line":183,"column":4},"end":{"line":183,"column":23}},"40":{"start":{"line":193,"column":2},"end":{"line":193,"column":40}},"41":{"start":{"line":196,"column":0},"end":{"line":199,"column":2}}},"fnMap":{"0":{"name":"(anonymous_0)","decl":{"start":{"line":12,"column":2},"end":{"line":12,"column":3}},"loc":{"start":{"line":12,"column":22},"end":{"line":14,"column":3}},"line":12},"1":{"name":"(anonymous_1)","decl":{"start":{"line":21,"column":2},"end":{"line":21,"column":3}},"loc":{"start":{"line":21,"column":31},"end":{"line":24,"column":3}},"line":21},"2":{"name":"(anonymous_2)","decl":{"start":{"line":32,"column":2},"end":{"line":32,"column":3}},"loc":{"start":{"line":32,"column":44},"end":{"line":36,"column":3}},"line":32},"3":{"name":"(anonymous_3)","decl":{"start":{"line":42,"column":2},"end":{"line":42,"column":3}},"loc":{"start":{"line":42,"column":15},"end":{"line":46,"column":3}},"line":42},"4":{"name":"(anonymous_4)","decl":{"start":{"line":52,"column":2},"end":{"line":52,"column":3}},"loc":{"start":{"line":52,"column":20},"end":{"line":55,"column":3}},"line":52},"5":{"name":"(anonymous_5)","decl":{"start":{"line":62,"column":2},"end":{"line":62,"column":3}},"loc":{"start":{"line":62,"column":27},"end":{"line":65,"column":3}},"line":62},"6":{"name":"(anonymous_6)","decl":{"start":{"line":72,"column":2},"end":{"line":72,"column":3}},"loc":{"start":{"line":72,"column":31},"end":{"line":77,"column":3}},"line":72},"7":{"name":"(anonymous_7)","decl":{"start":{"line":73,"column":23},"end":{"line":73,"column":24}},"loc":{"start":{"line":73,"column":31},"end":{"line":75,"column":5}},"line":73},"8":{"name":"(anonymous_8)","decl":{"start":{"line":84,"column":2},"end":{"line":84,"column":3}},"loc":{"start":{"line":84,"column":24},"end":{"line":92,"column":3}},"line":84},"9":{"name":"(anonymous_9)","decl":{"start":{"line":85,"column":32},"end":{"line":85,"column":33}},"loc":{"start":{"line":85,"column":39},"end":{"line":90,"column":5}},"line":85},"10":{"name":"(anonymous_10)","decl":{"start":{"line":98,"column":2},"end":{"line":98,"column":3}},"loc":{"start":{"line":98,"column":14},"end":{"line":101,"column":3}},"line":98},"11":{"name":"(anonymous_11)","decl":{"start":{"line":108,"column":2},"end":{"line":108,"column":3}},"loc":{"start":{"line":108,"column":23},"end":{"line":111,"column":3}},"line":108},"12":{"name":"(anonymous_12)","decl":{"start":{"line":117,"column":2},"end":{"line":117,"column":3}},"loc":{"start":{"line":117,"column":15},"end":{"line":120,"column":3}},"line":117},"13":{"name":"(anonymous_13)","decl":{"start":{"line":128,"column":2},"end":{"line":128,"column":3}},"loc":{"start":{"line":128,"column":40},"end":{"line":134,"column":3}},"line":128},"14":{"name":"(anonymous_14)","decl":{"start":{"line":141,"column":2},"end":{"line":141,"column":3}},"loc":{"start":{"line":141,"column":26},"end":{"line":144,"column":3}},"line":141},"15":{"name":"(anonymous_15)","decl":{"start":{"line":151,"column":2},"end":{"line":151,"column":3}},"loc":{"start":{"line":151,"column":24},"end":{"line":154,"column":3}},"line":151},"16":{"name":"(anonymous_16)","decl":{"start":{"line":161,"column":2},"end":{"line":161,"column":3}},"loc":{"start":{"line":161,"column":27},"end":{"line":168,"column":3}},"line":161},"17":{"name":"(anonymous_17)","decl":{"start":{"line":174,"column":2},"end":{"line":174,"column":3}},"loc":{"start":{"line":174,"column":8},"end":{"line":176,"column":3}},"line":174},"18":{"name":"(anonymous_18)","decl":{"start":{"line":182,"column":2},"end":{"line":182,"column":3}},"loc":{"start":{"line":182,"column":14},"end":{"line":184,"column":3}},"line":182},"19":{"name":"expectResponse","decl":{"start":{"line":192,"column":9},"end":{"line":192,"column":23}},"loc":{"start":{"line":192,"column":34},"end":{"line":194,"column":1}},"line":192}},"branchMap":{"0":{"loc":{"start":{"line":87,"column":6},"end":{"line":89,"column":7}},"type":"if","locations":[{"start":{"line":87,"column":6},"end":{"line":89,"column":7}},{"start":{},"end":{}}],"line":87},"1":{"loc":{"start":{"line":87,"column":10},"end":{"line":87,"column":65}},"type":"binary-expr","locations":[{"start":{"line":87,"column":10},"end":{"line":87,"column":41}},{"start":{"line":87,"column":45},"end":{"line":87,"column":65}}],"line":87},"2":{"loc":{"start":{"line":130,"column":4},"end":{"line":132,"column":5}},"type":"if","locations":[{"start":{"line":130,"column":4},"end":{"line":132,"column":5}},{"start":{},"end":{}}],"line":130},"3":{"loc":{"start":{"line":164,"column":4},"end":{"line":166,"column":5}},"type":"if","locations":[{"start":{"line":164,"column":4},"end":{"line":166,"column":5}},{"start":{},"end":{}}],"line":164}},"s":{"0":3,"1":12,"2":12,"3":12,"4":0,"5":0,"6":5,"7":5,"8":5,"9":0,"10":0,"11":0,"12":0,"13":0,"14":0,"15":0,"16":0,"17":0,"18":0,"19":0,"20":0,"21":1,"22":1,"23":0,"24":0,"25":0,"26":0,"27":0,"28":0,"29":0,"30":0,"31":0,"32":0,"33":0,"34":0,"35":0,"36":0,"37":0,"38":0,"39":0,"40":12,"41":3},"f":{"0":12,"1":12,"2":0,"3":5,"4":0,"5":0,"6":0,"7":0,"8":0,"9":0,"10":1,"11":0,"12":0,"13":0,"14":0,"15":0,"16":0,"17":0,"18":0,"19":12},"b":{"0":[0,0],"1":[0,0],"2":[0,0],"3":[0,0]},"_coverageSchema":"1a1c01bbd47fc00a2c39e90264f33305004495a9","hash":"cde7c4ea89871084b241203b4583ee54f6cf4378"}
,"/Users/maximkhodyrev/github/Prometheus/config/config.js": {"path":"/Users/maximkhodyrev/github/Prometheus/config/config.js","statementMap":{"0":{"start":{"line":6,"column":15},"end":{"line":41,"column":1}},"1":{"start":{"line":49,"column":20},"end":{"line":49,"column":87}},"2":{"start":{"line":51,"column":2},"end":{"line":58,"column":4}},"3":{"start":{"line":66,"column":2},"end":{"line":66,"column":71}},"4":{"start":{"line":69,"column":0},"end":{"line":73,"column":2}}},"fnMap":{"0":{"name":"getEnvironmentConfig","decl":{"start":{"line":48,"column":9},"end":{"line":48,"column":29}},"loc":{"start":{"line":48,"column":59},"end":{"line":59,"column":1}},"line":48},"1":{"name":"getCurrentEnvironment","decl":{"start":{"line":65,"column":9},"end":{"line":65,"column":30}},"loc":{"start":{"line":65,"column":33},"end":{"line":67,"column":1}},"line":65}},"branchMap":{"0":{"loc":{"start":{"line":48,"column":30},"end":{"line":48,"column":57}},"type":"default-arg","locations":[{"start":{"line":48,"column":44},"end":{"line":48,"column":57}}],"line":48},"1":{"loc":{"start":{"line":49,"column":20},"end":{"line":49,"column":87}},"type":"binary-expr","locations":[{"start":{"line":49,"column":20},"end":{"line":49,"column":52}},{"start":{"line":49,"column":56},"end":{"line":49,"column":87}}],"line":49},"2":{"loc":{"start":{"line":66,"column":9},"end":{"line":66,"column":70}},"type":"binary-expr","locations":[{"start":{"line":66,"column":9},"end":{"line":66,"column":29}},{"start":{"line":66,"column":33},"end":{"line":66,"column":53}},{"start":{"line":66,"column":57},"end":{"line":66,"column":70}}],"line":66}},"s":{"0":3,"1":2,"2":2,"3":0,"4":3},"f":{"0":2,"1":0},"b":{"0":[2],"1":[2,0],"2":[0,0,0]},"_coverageSchema":"1a1c01bbd47fc00a2c39e90264f33305004495a9","hash":"5142e552ab325f23703e8dbddecdcd9a76d6f0b2"}
,"/Users/maximkhodyrev/github/Prometheus/dto/CommentDTO.js": {"path":"/Users/maximkhodyrev/github/Prometheus/dto/CommentDTO.js","statementMap":{"0":{"start":{"line":15,"column":4},"end":{"line":15,"column":17}},"1":{"start":{"line":16,"column":4},"end":{"line":16,"column":25}},"2":{"start":{"line":17,"column":4},"end":{"line":17,"column":21}},"3":{"start":{"line":18,"column":4},"end":{"line":18,"column":23}},"4":{"start":{"line":19,"column":4},"end":{"line":19,"column":21}},"5":{"start":{"line":28,"column":4},"end":{"line":34,"column":6}},"6":{"start":{"line":42,"column":19},"end":{"line":47,"column":5}},"7":{"start":{"line":50,"column":4},"end":{"line":52,"column":5}},"8":{"start":{"line":51,"column":6},"end":{"line":51,"column":26}},"9":{"start":{"line":54,"column":4},"end":{"line":54,"column":18}},"10":{"start":{"line":62,"column":19},"end":{"line":62,"column":21}},"11":{"start":{"line":64,"column":4},"end":{"line":66,"column":5}},"12":{"start":{"line":65,"column":6},"end":{"line":65,"column":54}},"13":{"start":{"line":68,"column":4},"end":{"line":70,"column":5}},"14":{"start":{"line":69,"column":6},"end":{"line":69,"column":53}},"15":{"start":{"line":72,"column":4},"end":{"line":76,"column":5}},"16":{"start":{"line":73,"column":6},"end":{"line":73,"column":54}},"17":{"start":{"line":74,"column":11},"end":{"line":76,"column":5}},"18":{"start":{"line":75,"column":6},"end":{"line":75,"column":57}},"19":{"start":{"line":78,"column":4},"end":{"line":80,"column":5}},"20":{"start":{"line":79,"column":6},"end":{"line":79,"column":53}},"21":{"start":{"line":82,"column":4},"end":{"line":84,"column":5}},"22":{"start":{"line":83,"column":6},"end":{"line":83,"column":62}},"23":{"start":{"line":86,"column":4},"end":{"line":89,"column":6}},"24":{"start":{"line":98,"column":23},"end":{"line":98,"column":51}},"25":{"start":{"line":99,"column":4},"end":{"line":99,"column":34}},"26":{"start":{"line":108,"column":4},"end":{"line":114,"column":6}},"27":{"start":{"line":118,"column":0},"end":{"line":118,"column":28}}},"fnMap":{"0":{"name":"(anonymous_0)","decl":{"start":{"line":14,"column":2},"end":{"line":14,"column":3}},"loc":{"start":{"line":14,"column":74},"end":{"line":20,"column":3}},"line":14},"1":{"name":"(anonymous_1)","decl":{"start":{"line":27,"column":2},"end":{"line":27,"column":3}},"loc":{"start":{"line":27,"column":24},"end":{"line":35,"column":3}},"line":27},"2":{"name":"(anonymous_2)","decl":{"start":{"line":41,"column":2},"end":{"line":41,"column":3}},"loc":{"start":{"line":41,"column":11},"end":{"line":55,"column":3}},"line":41},"3":{"name":"(anonymous_3)","decl":{"start":{"line":61,"column":2},"end":{"line":61,"column":3}},"loc":{"start":{"line":61,"column":13},"end":{"line":90,"column":3}},"line":61},"4":{"name":"(anonymous_4)","decl":{"start":{"line":97,"column":2},"end":{"line":97,"column":3}},"loc":{"start":{"line":97,"column":22},"end":{"line":100,"column":3}},"line":97},"5":{"name":"(anonymous_5)","decl":{"start":{"line":107,"column":2},"end":{"line":107,"column":3}},"loc":{"start":{"line":107,"column":23},"end":{"line":115,"column":3}},"line":107}},"branchMap":{"0":{"loc":{"start":{"line":14,"column":14},"end":{"line":14,"column":23}},"type":"default-arg","locations":[{"start":{"line":14,"column":19},"end":{"line":14,"column":23}}],"line":14},"1":{"loc":{"start":{"line":14,"column":25},"end":{"line":14,"column":38}},"type":"default-arg","locations":[{"start":{"line":14,"column":34},"end":{"line":14,"column":38}}],"line":14},"2":{"loc":{"start":{"line":14,"column":40},"end":{"line":14,"column":49}},"type":"default-arg","locations":[{"start":{"line":14,"column":47},"end":{"line":14,"column":49}}],"line":14},"3":{"loc":{"start":{"line":14,"column":51},"end":{"line":14,"column":61}},"type":"default-arg","locations":[{"start":{"line":14,"column":59},"end":{"line":14,"column":61}}],"line":14},"4":{"loc":{"start":{"line":14,"column":63},"end":{"line":14,"column":72}},"type":"default-arg","locations":[{"start":{"line":14,"column":70},"end":{"line":14,"column":72}}],"line":14},"5":{"loc":{"start":{"line":29,"column":6},"end":{"line":29,"column":21}},"type":"binary-expr","locations":[{"start":{"line":29,"column":6},"end":{"line":29,"column":13}},{"start":{"line":29,"column":17},"end":{"line":29,"column":21}}],"line":29},"6":{"loc":{"start":{"line":30,"column":6},"end":{"line":30,"column":25}},"type":"binary-expr","locations":[{"start":{"line":30,"column":6},"end":{"line":30,"column":17}},{"start":{"line":30,"column":21},"end":{"line":30,"column":25}}],"line":30},"7":{"loc":{"start":{"line":31,"column":6},"end":{"line":31,"column":21}},"type":"binary-expr","locations":[{"start":{"line":31,"column":6},"end":{"line":31,"column":15}},{"start":{"line":31,"column":19},"end":{"line":31,"column":21}}],"line":31},"8":{"loc":{"start":{"line":32,"column":6},"end":{"line":32,"column":22}},"type":"binary-expr","locations":[{"start":{"line":32,"column":6},"end":{"line":32,"column":16}},{"start":{"line":32,"column":20},"end":{"line":32,"column":22}}],"line":32},"9":{"loc":{"start":{"line":33,"column":6},"end":{"line":33,"column":21}},"type":"binary-expr","locations":[{"start":{"line":33,"column":6},"end":{"line":33,"column":15}},{"start":{"line":33,"column":19},"end":{"line":33,"column":21}}],"line":33},"10":{"loc":{"start":{"line":50,"column":4},"end":{"line":52,"column":5}},"type":"if","locations":[{"start":{"line":50,"column":4},"end":{"line":52,"column":5}},{"start":{},"end":{}}],"line":50},"11":{"loc":{"start":{"line":64,"column":4},"end":{"line":66,"column":5}},"type":"if","locations":[{"start":{"line":64,"column":4},"end":{"line":66,"column":5}},{"start":{},"end":{}}],"line":64},"12":{"loc":{"start":{"line":64,"column":8},"end":{"line":64,"column":85}},"type":"binary-expr","locations":[{"start":{"line":64,"column":8},"end":{"line":64,"column":28}},{"start":{"line":64,"column":33},"end":{"line":64,"column":64}},{"start":{"line":64,"column":68},"end":{"line":64,"column":84}}],"line":64},"13":{"loc":{"start":{"line":68,"column":4},"end":{"line":70,"column":5}},"type":"if","locations":[{"start":{"line":68,"column":4},"end":{"line":70,"column":5}},{"start":{},"end":{}}],"line":68},"14":{"loc":{"start":{"line":68,"column":8},"end":{"line":68,"column":70}},"type":"binary-expr","locations":[{"start":{"line":68,"column":8},"end":{"line":68,"column":37}},{"start":{"line":68,"column":41},"end":{"line":68,"column":70}}],"line":68},"15":{"loc":{"start":{"line":72,"column":4},"end":{"line":76,"column":5}},"type":"if","locations":[{"start":{"line":72,"column":4},"end":{"line":76,"column":5}},{"start":{"line":74,"column":11},"end":{"line":76,"column":5}}],"line":72},"16":{"loc":{"start":{"line":72,"column":8},"end":{"line":72,"column":72}},"type":"binary-expr","locations":[{"start":{"line":72,"column":8},"end":{"line":72,"column":38}},{"start":{"line":72,"column":42},"end":{"line":72,"column":72}}],"line":72},"17":{"loc":{"start":{"line":74,"column":11},"end":{"line":76,"column":5}},"type":"if","locations":[{"start":{"line":74,"column":11},"end":{"line":76,"column":5}},{"start":{},"end":{}}],"line":74},"18":{"loc":{"start":{"line":78,"column":4},"end":{"line":80,"column":5}},"type":"if","locations":[{"start":{"line":78,"column":4},"end":{"line":80,"column":5}},{"start":{},"end":{}}],"line":78},"19":{"loc":{"start":{"line":78,"column":8},"end":{"line":78,"column":70}},"type":"binary-expr","locations":[{"start":{"line":78,"column":8},"end":{"line":78,"column":37}},{"start":{"line":78,"column":41},"end":{"line":78,"column":70}}],"line":78},"20":{"loc":{"start":{"line":82,"column":4},"end":{"line":84,"column":5}},"type":"if","locations":[{"start":{"line":82,"column":4},"end":{"line":84,"column":5}},{"start":{},"end":{}}],"line":82},"21":{"loc":{"start":{"line":82,"column":8},"end":{"line":82,"column":73}},"type":"binary-expr","locations":[{"start":{"line":82,"column":8},"end":{"line":82,"column":24}},{"start":{"line":82,"column":29},"end":{"line":82,"column":56}},{"start":{"line":82,"column":60},"end":{"line":82,"column":72}}],"line":82},"22":{"loc":{"start":{"line":107,"column":7},"end":{"line":107,"column":21}},"type":"default-arg","locations":[{"start":{"line":107,"column":19},"end":{"line":107,"column":21}}],"line":107},"23":{"loc":{"start":{"line":109,"column":6},"end":{"line":109,"column":57}},"type":"cond-expr","locations":[{"start":{"line":109,"column":35},"end":{"line":109,"column":47}},{"start":{"line":109,"column":50},"end":{"line":109,"column":57}}],"line":109},"24":{"loc":{"start":{"line":110,"column":6},"end":{"line":110,"column":69}},"type":"cond-expr","locations":[{"start":{"line":110,"column":39},"end":{"line":110,"column":55}},{"start":{"line":110,"column":58},"end":{"line":110,"column":69}}],"line":110},"25":{"loc":{"start":{"line":111,"column":6},"end":{"line":111,"column":63}},"type":"cond-expr","locations":[{"start":{"line":111,"column":37},"end":{"line":111,"column":51}},{"start":{"line":111,"column":54},"end":{"line":111,"column":63}}],"line":111},"26":{"loc":{"start":{"line":112,"column":6},"end":{"line":112,"column":66}},"type":"cond-expr","locations":[{"start":{"line":112,"column":38},"end":{"line":112,"column":53}},{"start":{"line":112,"column":56},"end":{"line":112,"column":66}}],"line":112},"27":{"loc":{"start":{"line":113,"column":6},"end":{"line":113,"column":63}},"type":"cond-expr","locations":[{"start":{"line":113,"column":37},"end":{"line":113,"column":51}},{"start":{"line":113,"column":54},"end":{"line":113,"column":63}}],"line":113}},"s":{"0":0,"1":0,"2":0,"3":0,"4":0,"5":0,"6":0,"7":0,"8":0,"9":0,"10":0,"11":0,"12":0,"13":0,"14":0,"15":0,"16":0,"17":0,"18":0,"19":0,"20":0,"21":0,"22":0,"23":0,"24":0,"25":0,"26":0,"27":0},"f":{"0":0,"1":0,"2":0,"3":0,"4":0,"5":0},"b":{"0":[0],"1":[0],"2":[0],"3":[0],"4":[0],"5":[0,0],"6":[0,0],"7":[0,0],"8":[0,0],"9":[0,0],"10":[0,0],"11":[0,0],"12":[0,0,0],"13":[0,0],"14":[0,0],"15":[0,0],"16":[0,0],"17":[0,0],"18":[0,0],"19":[0,0],"20":[0,0],"21":[0,0,0],"22":[0],"23":[0,0],"24":[0,0],"25":[0,0],"26":[0,0],"27":[0,0]}}
,"/Users/maximkhodyrev/github/Prometheus/dto/PostDTO.js": {"path":"/Users/maximkhodyrev/github/Prometheus/dto/PostDTO.js","statementMap":{"0":{"start":{"line":14,"column":4},"end":{"line":14,"column":17}},"1":{"start":{"line":15,"column":4},"end":{"line":15,"column":25}},"2":{"start":{"line":16,"column":4},"end":{"line":16,"column":23}},"3":{"start":{"line":17,"column":4},"end":{"line":17,"column":21}},"4":{"start":{"line":26,"column":4},"end":{"line":31,"column":6}},"5":{"start":{"line":39,"column":19},"end":{"line":43,"column":5}},"6":{"start":{"line":46,"column":4},"end":{"line":48,"column":5}},"7":{"start":{"line":47,"column":6},"end":{"line":47,"column":26}},"8":{"start":{"line":50,"column":4},"end":{"line":50,"column":18}},"9":{"start":{"line":58,"column":19},"end":{"line":58,"column":21}},"10":{"start":{"line":60,"column":4},"end":{"line":62,"column":5}},"11":{"start":{"line":61,"column":6},"end":{"line":61,"column":54}},"12":{"start":{"line":64,"column":4},"end":{"line":66,"column":5}},"13":{"start":{"line":65,"column":6},"end":{"line":65,"column":54}},"14":{"start":{"line":68,"column":4},"end":{"line":70,"column":5}},"15":{"start":{"line":69,"column":6},"end":{"line":69,"column":53}},"16":{"start":{"line":72,"column":4},"end":{"line":74,"column":5}},"17":{"start":{"line":73,"column":6},"end":{"line":73,"column":62}},"18":{"start":{"line":76,"column":4},"end":{"line":79,"column":6}},"19":{"start":{"line":88,"column":4},"end":{"line":93,"column":6}},"20":{"start":{"line":97,"column":0},"end":{"line":97,"column":25}}},"fnMap":{"0":{"name":"(anonymous_0)","decl":{"start":{"line":13,"column":2},"end":{"line":13,"column":3}},"loc":{"start":{"line":13,"column":63},"end":{"line":18,"column":3}},"line":13},"1":{"name":"(anonymous_1)","decl":{"start":{"line":25,"column":2},"end":{"line":25,"column":3}},"loc":{"start":{"line":25,"column":24},"end":{"line":32,"column":3}},"line":25},"2":{"name":"(anonymous_2)","decl":{"start":{"line":38,"column":2},"end":{"line":38,"column":3}},"loc":{"start":{"line":38,"column":11},"end":{"line":51,"column":3}},"line":38},"3":{"name":"(anonymous_3)","decl":{"start":{"line":57,"column":2},"end":{"line":57,"column":3}},"loc":{"start":{"line":57,"column":13},"end":{"line":80,"column":3}},"line":57},"4":{"name":"(anonymous_4)","decl":{"start":{"line":87,"column":2},"end":{"line":87,"column":3}},"loc":{"start":{"line":87,"column":23},"end":{"line":94,"column":3}},"line":87}},"branchMap":{"0":{"loc":{"start":{"line":13,"column":14},"end":{"line":13,"column":23}},"type":"default-arg","locations":[{"start":{"line":13,"column":19},"end":{"line":13,"column":23}}],"line":13},"1":{"loc":{"start":{"line":13,"column":25},"end":{"line":13,"column":38}},"type":"default-arg","locations":[{"start":{"line":13,"column":34},"end":{"line":13,"column":38}}],"line":13},"2":{"loc":{"start":{"line":13,"column":40},"end":{"line":13,"column":50}},"type":"default-arg","locations":[{"start":{"line":13,"column":48},"end":{"line":13,"column":50}}],"line":13},"3":{"loc":{"start":{"line":13,"column":52},"end":{"line":13,"column":61}},"type":"default-arg","locations":[{"start":{"line":13,"column":59},"end":{"line":13,"column":61}}],"line":13},"4":{"loc":{"start":{"line":27,"column":6},"end":{"line":27,"column":21}},"type":"binary-expr","locations":[{"start":{"line":27,"column":6},"end":{"line":27,"column":13}},{"start":{"line":27,"column":17},"end":{"line":27,"column":21}}],"line":27},"5":{"loc":{"start":{"line":28,"column":6},"end":{"line":28,"column":25}},"type":"binary-expr","locations":[{"start":{"line":28,"column":6},"end":{"line":28,"column":17}},{"start":{"line":28,"column":21},"end":{"line":28,"column":25}}],"line":28},"6":{"loc":{"start":{"line":29,"column":6},"end":{"line":29,"column":22}},"type":"binary-expr","locations":[{"start":{"line":29,"column":6},"end":{"line":29,"column":16}},{"start":{"line":29,"column":20},"end":{"line":29,"column":22}}],"line":29},"7":{"loc":{"start":{"line":30,"column":6},"end":{"line":30,"column":21}},"type":"binary-expr","locations":[{"start":{"line":30,"column":6},"end":{"line":30,"column":15}},{"start":{"line":30,"column":19},"end":{"line":30,"column":21}}],"line":30},"8":{"loc":{"start":{"line":46,"column":4},"end":{"line":48,"column":5}},"type":"if","locations":[{"start":{"line":46,"column":4},"end":{"line":48,"column":5}},{"start":{},"end":{}}],"line":46},"9":{"loc":{"start":{"line":60,"column":4},"end":{"line":62,"column":5}},"type":"if","locations":[{"start":{"line":60,"column":4},"end":{"line":62,"column":5}},{"start":{},"end":{}}],"line":60},"10":{"loc":{"start":{"line":60,"column":8},"end":{"line":60,"column":85}},"type":"binary-expr","locations":[{"start":{"line":60,"column":8},"end":{"line":60,"column":28}},{"start":{"line":60,"column":33},"end":{"line":60,"column":64}},{"start":{"line":60,"column":68},"end":{"line":60,"column":84}}],"line":60},"11":{"loc":{"start":{"line":64,"column":4},"end":{"line":66,"column":5}},"type":"if","locations":[{"start":{"line":64,"column":4},"end":{"line":66,"column":5}},{"start":{},"end":{}}],"line":64},"12":{"loc":{"start":{"line":64,"column":8},"end":{"line":64,"column":72}},"type":"binary-expr","locations":[{"start":{"line":64,"column":8},"end":{"line":64,"column":38}},{"start":{"line":64,"column":42},"end":{"line":64,"column":72}}],"line":64},"13":{"loc":{"start":{"line":68,"column":4},"end":{"line":70,"column":5}},"type":"if","locations":[{"start":{"line":68,"column":4},"end":{"line":70,"column":5}},{"start":{},"end":{}}],"line":68},"14":{"loc":{"start":{"line":68,"column":8},"end":{"line":68,"column":70}},"type":"binary-expr","locations":[{"start":{"line":68,"column":8},"end":{"line":68,"column":37}},{"start":{"line":68,"column":41},"end":{"line":68,"column":70}}],"line":68},"15":{"loc":{"start":{"line":72,"column":4},"end":{"line":74,"column":5}},"type":"if","locations":[{"start":{"line":72,"column":4},"end":{"line":74,"column":5}},{"start":{},"end":{}}],"line":72},"16":{"loc":{"start":{"line":72,"column":8},"end":{"line":72,"column":73}},"type":"binary-expr","locations":[{"start":{"line":72,"column":8},"end":{"line":72,"column":24}},{"start":{"line":72,"column":29},"end":{"line":72,"column":56}},{"start":{"line":72,"column":60},"end":{"line":72,"column":72}}],"line":72},"17":{"loc":{"start":{"line":87,"column":7},"end":{"line":87,"column":21}},"type":"default-arg","locations":[{"start":{"line":87,"column":19},"end":{"line":87,"column":21}}],"line":87},"18":{"loc":{"start":{"line":89,"column":6},"end":{"line":89,"column":57}},"type":"cond-expr","locations":[{"start":{"line":89,"column":35},"end":{"line":89,"column":47}},{"start":{"line":89,"column":50},"end":{"line":89,"column":57}}],"line":89},"19":{"loc":{"start":{"line":90,"column":6},"end":{"line":90,"column":69}},"type":"cond-expr","locations":[{"start":{"line":90,"column":39},"end":{"line":90,"column":55}},{"start":{"line":90,"column":58},"end":{"line":90,"column":69}}],"line":90},"20":{"loc":{"start":{"line":91,"column":6},"end":{"line":91,"column":66}},"type":"cond-expr","locations":[{"start":{"line":91,"column":38},"end":{"line":91,"column":53}},{"start":{"line":91,"column":56},"end":{"line":91,"column":66}}],"line":91},"21":{"loc":{"start":{"line":92,"column":6},"end":{"line":92,"column":63}},"type":"cond-expr","locations":[{"start":{"line":92,"column":37},"end":{"line":92,"column":51}},{"start":{"line":92,"column":54},"end":{"line":92,"column":63}}],"line":92}},"s":{"0":4,"1":4,"2":4,"3":4,"4":0,"5":4,"6":4,"7":2,"8":4,"9":0,"10":0,"11":0,"12":0,"13":0,"14":0,"15":0,"16":0,"17":0,"18":0,"19":0,"20":1},"f":{"0":4,"1":0,"2":4,"3":0,"4":0},"b":{"0":[0],"1":[0],"2":[0],"3":[0],"4":[0,0],"5":[0,0],"6":[0,0],"7":[0,0],"8":[2,2],"9":[0,0],"10":[0,0,0],"11":[0,0],"12":[0,0],"13":[0,0],"14":[0,0],"15":[0,0],"16":[0,0,0],"17":[0],"18":[0,0],"19":[0,0],"20":[0,0],"21":[0,0]},"_coverageSchema":"1a1c01bbd47fc00a2c39e90264f33305004495a9","hash":"a269bb8a61ee453fa13c51016dcf29d37c772730"}
,"/Users/maximkhodyrev/github/Prometheus/dto/UserDTO.js": {"path":"/Users/maximkhodyrev/github/Prometheus/dto/UserDTO.js","statementMap":{"0":{"start":{"line":15,"column":4},"end":{"line":15,"column":25}},"1":{"start":{"line":16,"column":4},"end":{"line":16,"column":23}},"2":{"start":{"line":17,"column":4},"end":{"line":17,"column":21}},"3":{"start":{"line":18,"column":4},"end":{"line":18,"column":27}},"4":{"start":{"line":19,"column":4},"end":{"line":19,"column":19}},"5":{"start":{"line":28,"column":4},"end":{"line":34,"column":6}},"6":{"start":{"line":42,"column":4},"end":{"line":48,"column":6}},"7":{"start":{"line":60,"column":4},"end":{"line":60,"column":21}},"8":{"start":{"line":61,"column":4},"end":{"line":61,"column":35}},"9":{"start":{"line":62,"column":4},"end":{"line":62,"column":17}},"10":{"start":{"line":71,"column":4},"end":{"line":75,"column":6}},"11":{"start":{"line":83,"column":4},"end":{"line":87,"column":6}},"12":{"start":{"line":104,"column":4},"end":{"line":104,"column":17}},"13":{"start":{"line":105,"column":4},"end":{"line":105,"column":21}},"14":{"start":{"line":106,"column":4},"end":{"line":106,"column":29}},"15":{"start":{"line":107,"column":4},"end":{"line":107,"column":23}},"16":{"start":{"line":108,"column":4},"end":{"line":108,"column":47}},"17":{"start":{"line":109,"column":4},"end":{"line":109,"column":23}},"18":{"start":{"line":110,"column":4},"end":{"line":110,"column":27}},"19":{"start":{"line":111,"column":4},"end":{"line":111,"column":47}},"20":{"start":{"line":120,"column":4},"end":{"line":129,"column":6}},"21":{"start":{"line":137,"column":19},"end":{"line":145,"column":5}},"22":{"start":{"line":148,"column":4},"end":{"line":150,"column":5}},"23":{"start":{"line":149,"column":6},"end":{"line":149,"column":26}},"24":{"start":{"line":152,"column":4},"end":{"line":152,"column":18}},"25":{"start":{"line":160,"column":19},"end":{"line":160,"column":21}},"26":{"start":{"line":162,"column":4},"end":{"line":164,"column":5}},"27":{"start":{"line":163,"column":6},"end":{"line":163,"column":53}},"28":{"start":{"line":166,"column":4},"end":{"line":168,"column":5}},"29":{"start":{"line":167,"column":6},"end":{"line":167,"column":57}},"30":{"start":{"line":170,"column":4},"end":{"line":174,"column":5}},"31":{"start":{"line":171,"column":6},"end":{"line":171,"column":54}},"32":{"start":{"line":172,"column":11},"end":{"line":174,"column":5}},"33":{"start":{"line":173,"column":6},"end":{"line":173,"column":57}},"34":{"start":{"line":176,"column":4},"end":{"line":178,"column":5}},"35":{"start":{"line":177,"column":6},"end":{"line":177,"column":62}},"36":{"start":{"line":180,"column":4},"end":{"line":183,"column":6}},"37":{"start":{"line":192,"column":23},"end":{"line":192,"column":51}},"38":{"start":{"line":193,"column":4},"end":{"line":193,"column":34}},"39":{"start":{"line":202,"column":4},"end":{"line":211,"column":6}},"40":{"start":{"line":215,"column":0},"end":{"line":215,"column":53}}},"fnMap":{"0":{"name":"(anonymous_0)","decl":{"start":{"line":14,"column":2},"end":{"line":14,"column":3}},"loc":{"start":{"line":14,"column":92},"end":{"line":20,"column":3}},"line":14},"1":{"name":"(anonymous_1)","decl":{"start":{"line":27,"column":2},"end":{"line":27,"column":3}},"loc":{"start":{"line":27,"column":24},"end":{"line":35,"column":3}},"line":27},"2":{"name":"(anonymous_2)","decl":{"start":{"line":41,"column":2},"end":{"line":41,"column":3}},"loc":{"start":{"line":41,"column":11},"end":{"line":49,"column":3}},"line":41},"3":{"name":"(anonymous_3)","decl":{"start":{"line":59,"column":2},"end":{"line":59,"column":3}},"loc":{"start":{"line":59,"column":52},"end":{"line":63,"column":3}},"line":59},"4":{"name":"(anonymous_4)","decl":{"start":{"line":70,"column":2},"end":{"line":70,"column":3}},"loc":{"start":{"line":70,"column":24},"end":{"line":76,"column":3}},"line":70},"5":{"name":"(anonymous_5)","decl":{"start":{"line":82,"column":2},"end":{"line":82,"column":3}},"loc":{"start":{"line":82,"column":11},"end":{"line":88,"column":3}},"line":82},"6":{"name":"(anonymous_6)","decl":{"start":{"line":103,"column":2},"end":{"line":103,"column":3}},"loc":{"start":{"line":103,"column":121},"end":{"line":112,"column":3}},"line":103},"7":{"name":"(anonymous_7)","decl":{"start":{"line":119,"column":2},"end":{"line":119,"column":3}},"loc":{"start":{"line":119,"column":24},"end":{"line":130,"column":3}},"line":119},"8":{"name":"(anonymous_8)","decl":{"start":{"line":136,"column":2},"end":{"line":136,"column":3}},"loc":{"start":{"line":136,"column":11},"end":{"line":153,"column":3}},"line":136},"9":{"name":"(anonymous_9)","decl":{"start":{"line":159,"column":2},"end":{"line":159,"column":3}},"loc":{"start":{"line":159,"column":13},"end":{"line":184,"column":3}},"line":159},"10":{"name":"(anonymous_10)","decl":{"start":{"line":191,"column":2},"end":{"line":191,"column":3}},"loc":{"start":{"line":191,"column":22},"end":{"line":194,"column":3}},"line":191},"11":{"name":"(anonymous_11)","decl":{"start":{"line":201,"column":2},"end":{"line":201,"column":3}},"loc":{"start":{"line":201,"column":23},"end":{"line":212,"column":3}},"line":201}},"branchMap":{"0":{"loc":{"start":{"line":14,"column":14},"end":{"line":14,"column":25}},"type":"default-arg","locations":[{"start":{"line":14,"column":23},"end":{"line":14,"column":25}}],"line":14},"1":{"loc":{"start":{"line":14,"column":27},"end":{"line":14,"column":37}},"type":"default-arg","locations":[{"start":{"line":14,"column":35},"end":{"line":14,"column":37}}],"line":14},"2":{"loc":{"start":{"line":14,"column":39},"end":{"line":14,"column":48}},"type":"default-arg","locations":[{"start":{"line":14,"column":46},"end":{"line":14,"column":48}}],"line":14},"3":{"loc":{"start":{"line":14,"column":50},"end":{"line":14,"column":62}},"type":"default-arg","locations":[{"start":{"line":14,"column":60},"end":{"line":14,"column":62}}],"line":14},"4":{"loc":{"start":{"line":14,"column":64},"end":{"line":14,"column":90}},"type":"default-arg","locations":[{"start":{"line":14,"column":70},"end":{"line":14,"column":90}}],"line":14},"5":{"loc":{"start":{"line":29,"column":6},"end":{"line":29,"column":23}},"type":"binary-expr","locations":[{"start":{"line":29,"column":6},"end":{"line":29,"column":17}},{"start":{"line":29,"column":21},"end":{"line":29,"column":23}}],"line":29},"6":{"loc":{"start":{"line":30,"column":6},"end":{"line":30,"column":22}},"type":"binary-expr","locations":[{"start":{"line":30,"column":6},"end":{"line":30,"column":16}},{"start":{"line":30,"column":20},"end":{"line":30,"column":22}}],"line":30},"7":{"loc":{"start":{"line":31,"column":6},"end":{"line":31,"column":21}},"type":"binary-expr","locations":[{"start":{"line":31,"column":6},"end":{"line":31,"column":15}},{"start":{"line":31,"column":19},"end":{"line":31,"column":21}}],"line":31},"8":{"loc":{"start":{"line":32,"column":6},"end":{"line":32,"column":24}},"type":"binary-expr","locations":[{"start":{"line":32,"column":6},"end":{"line":32,"column":18}},{"start":{"line":32,"column":22},"end":{"line":32,"column":24}}],"line":32},"9":{"loc":{"start":{"line":33,"column":6},"end":{"line":33,"column":38}},"type":"binary-expr","locations":[{"start":{"line":33,"column":6},"end":{"line":33,"column":14}},{"start":{"line":33,"column":18},"end":{"line":33,"column":38}}],"line":33},"10":{"loc":{"start":{"line":59,"column":14},"end":{"line":59,"column":23}},"type":"default-arg","locations":[{"start":{"line":59,"column":21},"end":{"line":59,"column":23}}],"line":59},"11":{"loc":{"start":{"line":59,"column":25},"end":{"line":59,"column":41}},"type":"default-arg","locations":[{"start":{"line":59,"column":39},"end":{"line":59,"column":41}}],"line":59},"12":{"loc":{"start":{"line":59,"column":43},"end":{"line":59,"column":50}},"type":"default-arg","locations":[{"start":{"line":59,"column":48},"end":{"line":59,"column":50}}],"line":59},"13":{"loc":{"start":{"line":72,"column":6},"end":{"line":72,"column":21}},"type":"binary-expr","locations":[{"start":{"line":72,"column":6},"end":{"line":72,"column":15}},{"start":{"line":72,"column":19},"end":{"line":72,"column":21}}],"line":72},"14":{"loc":{"start":{"line":73,"column":6},"end":{"line":73,"column":28}},"type":"binary-expr","locations":[{"start":{"line":73,"column":6},"end":{"line":73,"column":22}},{"start":{"line":73,"column":26},"end":{"line":73,"column":28}}],"line":73},"15":{"loc":{"start":{"line":74,"column":6},"end":{"line":74,"column":19}},"type":"binary-expr","locations":[{"start":{"line":74,"column":6},"end":{"line":74,"column":13}},{"start":{"line":74,"column":17},"end":{"line":74,"column":19}}],"line":74},"16":{"loc":{"start":{"line":103,"column":14},"end":{"line":103,"column":23}},"type":"default-arg","locations":[{"start":{"line":103,"column":19},"end":{"line":103,"column":23}}],"line":103},"17":{"loc":{"start":{"line":103,"column":25},"end":{"line":103,"column":34}},"type":"default-arg","locations":[{"start":{"line":103,"column":32},"end":{"line":103,"column":34}}],"line":103},"18":{"loc":{"start":{"line":103,"column":36},"end":{"line":103,"column":49}},"type":"default-arg","locations":[{"start":{"line":103,"column":47},"end":{"line":103,"column":49}}],"line":103},"19":{"loc":{"start":{"line":103,"column":51},"end":{"line":103,"column":61}},"type":"default-arg","locations":[{"start":{"line":103,"column":59},"end":{"line":103,"column":61}}],"line":103},"20":{"loc":{"start":{"line":103,"column":63},"end":{"line":103,"column":77}},"type":"default-arg","locations":[{"start":{"line":103,"column":73},"end":{"line":103,"column":77}}],"line":103},"21":{"loc":{"start":{"line":103,"column":79},"end":{"line":103,"column":89}},"type":"default-arg","locations":[{"start":{"line":103,"column":87},"end":{"line":103,"column":89}}],"line":103},"22":{"loc":{"start":{"line":103,"column":91},"end":{"line":103,"column":103}},"type":"default-arg","locations":[{"start":{"line":103,"column":101},"end":{"line":103,"column":103}}],"line":103},"23":{"loc":{"start":{"line":103,"column":105},"end":{"line":103,"column":119}},"type":"default-arg","locations":[{"start":{"line":103,"column":115},"end":{"line":103,"column":119}}],"line":103},"24":{"loc":{"start":{"line":108,"column":19},"end":{"line":108,"column":46}},"type":"binary-expr","locations":[{"start":{"line":108,"column":19},"end":{"line":108,"column":26}},{"start":{"line":108,"column":30},"end":{"line":108,"column":46}}],"line":108},"25":{"loc":{"start":{"line":111,"column":19},"end":{"line":111,"column":46}},"type":"binary-expr","locations":[{"start":{"line":111,"column":19},"end":{"line":111,"column":26}},{"start":{"line":111,"column":30},"end":{"line":111,"column":46}}],"line":111},"26":{"loc":{"start":{"line":121,"column":6},"end":{"line":121,"column":21}},"type":"binary-expr","locations":[{"start":{"line":121,"column":6},"end":{"line":121,"column":13}},{"start":{"line":121,"column":17},"end":{"line":121,"column":21}}],"line":121},"27":{"loc":{"start":{"line":122,"column":6},"end":{"line":122,"column":21}},"type":"binary-expr","locations":[{"start":{"line":122,"column":6},"end":{"line":122,"column":15}},{"start":{"line":122,"column":19},"end":{"line":122,"column":21}}],"line":122},"28":{"loc":{"start":{"line":123,"column":6},"end":{"line":123,"column":25}},"type":"binary-expr","locations":[{"start":{"line":123,"column":6},"end":{"line":123,"column":19}},{"start":{"line":123,"column":23},"end":{"line":123,"column":25}}],"line":123},"29":{"loc":{"start":{"line":124,"column":6},"end":{"line":124,"column":22}},"type":"binary-expr","locations":[{"start":{"line":124,"column":6},"end":{"line":124,"column":16}},{"start":{"line":124,"column":20},"end":{"line":124,"column":22}}],"line":124},"30":{"loc":{"start":{"line":125,"column":6},"end":{"line":125,"column":61}},"type":"cond-expr","locations":[{"start":{"line":125,"column":21},"end":{"line":125,"column":54}},{"start":{"line":125,"column":57},"end":{"line":125,"column":61}}],"line":125},"31":{"loc":{"start":{"line":126,"column":6},"end":{"line":126,"column":22}},"type":"binary-expr","locations":[{"start":{"line":126,"column":6},"end":{"line":126,"column":16}},{"start":{"line":126,"column":20},"end":{"line":126,"column":22}}],"line":126},"32":{"loc":{"start":{"line":127,"column":6},"end":{"line":127,"column":24}},"type":"binary-expr","locations":[{"start":{"line":127,"column":6},"end":{"line":127,"column":18}},{"start":{"line":127,"column":22},"end":{"line":127,"column":24}}],"line":127},"33":{"loc":{"start":{"line":128,"column":6},"end":{"line":128,"column":61}},"type":"cond-expr","locations":[{"start":{"line":128,"column":21},"end":{"line":128,"column":54}},{"start":{"line":128,"column":57},"end":{"line":128,"column":61}}],"line":128},"34":{"loc":{"start":{"line":148,"column":4},"end":{"line":150,"column":5}},"type":"if","locations":[{"start":{"line":148,"column":4},"end":{"line":150,"column":5}},{"start":{},"end":{}}],"line":148},"35":{"loc":{"start":{"line":162,"column":4},"end":{"line":164,"column":5}},"type":"if","locations":[{"start":{"line":162,"column":4},"end":{"line":164,"column":5}},{"start":{},"end":{}}],"line":162},"36":{"loc":{"start":{"line":162,"column":8},"end":{"line":162,"column":70}},"type":"binary-expr","locations":[{"start":{"line":162,"column":8},"end":{"line":162,"column":37}},{"start":{"line":162,"column":41},"end":{"line":162,"column":70}}],"line":162},"37":{"loc":{"start":{"line":166,"column":4},"end":{"line":168,"column":5}},"type":"if","locations":[{"start":{"line":166,"column":4},"end":{"line":168,"column":5}},{"start":{},"end":{}}],"line":166},"38":{"loc":{"start":{"line":166,"column":8},"end":{"line":166,"column":78}},"type":"binary-expr","locations":[{"start":{"line":166,"column":8},"end":{"line":166,"column":41}},{"start":{"line":166,"column":45},"end":{"line":166,"column":78}}],"line":166},"39":{"loc":{"start":{"line":170,"column":4},"end":{"line":174,"column":5}},"type":"if","locations":[{"start":{"line":170,"column":4},"end":{"line":174,"column":5}},{"start":{"line":172,"column":11},"end":{"line":174,"column":5}}],"line":170},"40":{"loc":{"start":{"line":170,"column":8},"end":{"line":170,"column":72}},"type":"binary-expr","locations":[{"start":{"line":170,"column":8},"end":{"line":170,"column":38}},{"start":{"line":170,"column":42},"end":{"line":170,"column":72}}],"line":170},"41":{"loc":{"start":{"line":172,"column":11},"end":{"line":174,"column":5}},"type":"if","locations":[{"start":{"line":172,"column":11},"end":{"line":174,"column":5}},{"start":{},"end":{}}],"line":172},"42":{"loc":{"start":{"line":176,"column":4},"end":{"line":178,"column":5}},"type":"if","locations":[{"start":{"line":176,"column":4},"end":{"line":178,"column":5}},{"start":{},"end":{}}],"line":176},"43":{"loc":{"start":{"line":176,"column":8},"end":{"line":176,"column":73}},"type":"binary-expr","locations":[{"start":{"line":176,"column":8},"end":{"line":176,"column":24}},{"start":{"line":176,"column":29},"end":{"line":176,"column":56}},{"start":{"line":176,"column":60},"end":{"line":176,"column":72}}],"line":176},"44":{"loc":{"start":{"line":201,"column":7},"end":{"line":201,"column":21}},"type":"default-arg","locations":[{"start":{"line":201,"column":19},"end":{"line":201,"column":21}}],"line":201},"45":{"loc":{"start":{"line":203,"column":6},"end":{"line":203,"column":57}},"type":"cond-expr","locations":[{"start":{"line":203,"column":35},"end":{"line":203,"column":47}},{"start":{"line":203,"column":50},"end":{"line":203,"column":57}}],"line":203},"46":{"loc":{"start":{"line":204,"column":6},"end":{"line":204,"column":63}},"type":"cond-expr","locations":[{"start":{"line":204,"column":37},"end":{"line":204,"column":51}},{"start":{"line":204,"column":54},"end":{"line":204,"column":63}}],"line":204},"47":{"loc":{"start":{"line":205,"column":6},"end":{"line":205,"column":75}},"type":"cond-expr","locations":[{"start":{"line":205,"column":41},"end":{"line":205,"column":59}},{"start":{"line":205,"column":62},"end":{"line":205,"column":75}}],"line":205},"48":{"loc":{"start":{"line":206,"column":6},"end":{"line":206,"column":66}},"type":"cond-expr","locations":[{"start":{"line":206,"column":38},"end":{"line":206,"column":53}},{"start":{"line":206,"column":56},"end":{"line":206,"column":66}}],"line":206},"49":{"loc":{"start":{"line":207,"column":6},"end":{"line":207,"column":72}},"type":"cond-expr","locations":[{"start":{"line":207,"column":40},"end":{"line":207,"column":57}},{"start":{"line":207,"column":60},"end":{"line":207,"column":72}}],"line":207},"50":{"loc":{"start":{"line":208,"column":6},"end":{"line":208,"column":66}},"type":"cond-expr","locations":[{"start":{"line":208,"column":38},"end":{"line":208,"column":53}},{"start":{"line":208,"column":56},"end":{"line":208,"column":66}}],"line":208},"51":{"loc":{"start":{"line":209,"column":6},"end":{"line":209,"column":72}},"type":"cond-expr","locations":[{"start":{"line":209,"column":40},"end":{"line":209,"column":57}},{"start":{"line":209,"column":60},"end":{"line":209,"column":72}}],"line":209},"52":{"loc":{"start":{"line":210,"column":6},"end":{"line":210,"column":72}},"type":"cond-expr","locations":[{"start":{"line":210,"column":40},"end":{"line":210,"column":57}},{"start":{"line":210,"column":60},"end":{"line":210,"column":72}}],"line":210}},"s":{"0":0,"1":0,"2":0,"3":0,"4":0,"5":0,"6":0,"7":0,"8":0,"9":0,"10":0,"11":0,"12":0,"13":0,"14":0,"15":0,"16":0,"17":0,"18":0,"19":0,"20":0,"21":0,"22":0,"23":0,"24":0,"25":0,"26":0,"27":0,"28":0,"29":0,"30":0,"31":0,"32":0,"33":0,"34":0,"35":0,"36":0,"37":0,"38":0,"39":0,"40":0},"f":{"0":0,"1":0,"2":0,"3":0,"4":0,"5":0,"6":0,"7":0,"8":0,"9":0,"10":0,"11":0},"b":{"0":[0],"1":[0],"2":[0],"3":[0],"4":[0],"5":[0,0],"6":[0,0],"7":[0,0],"8":[0,0],"9":[0,0],"10":[0],"11":[0],"12":[0],"13":[0,0],"14":[0,0],"15":[0,0],"16":[0],"17":[0],"18":[0],"19":[0],"20":[0],"21":[0],"22":[0],"23":[0],"24":[0,0],"25":[0,0],"26":[0,0],"27":[0,0],"28":[0,0],"29":[0,0],"30":[0,0],"31":[0,0],"32":[0,0],"33":[0,0],"34":[0,0],"35":[0,0],"36":[0,0],"37":[0,0],"38":[0,0],"39":[0,0],"40":[0,0],"41":[0,0],"42":[0,0],"43":[0,0,0],"44":[0],"45":[0,0],"46":[0,0],"47":[0,0],"48":[0,0],"49":[0,0],"50":[0,0],"51":[0,0],"52":[0,0]}}
,"/Users/maximkhodyrev/github/Prometheus/http/HttpClient.js": {"path":"/Users/maximkhodyrev/github/Prometheus/http/HttpClient.js","statementMap":{"0":{"start":{"line":1,"column":14},"end":{"line":1,"column":30}},"1":{"start":{"line":2,"column":33},"end":{"line":2,"column":60}},"2":{"start":{"line":3,"column":22},"end":{"line":3,"column":56}},"3":{"start":{"line":16,"column":4},"end":{"line":16,"column":51}},"4":{"start":{"line":17,"column":4},"end":{"line":17,"column":48}},"5":{"start":{"line":20,"column":4},"end":{"line":24,"column":7}},"6":{"start":{"line":27,"column":4},"end":{"line":39,"column":6}},"7":{"start":{"line":29,"column":8},"end":{"line":32,"column":11}},"8":{"start":{"line":33,"column":8},"end":{"line":33,"column":23}},"9":{"start":{"line":36,"column":8},"end":{"line":36,"column":50}},"10":{"start":{"line":37,"column":8},"end":{"line":37,"column":37}},"11":{"start":{"line":42,"column":4},"end":{"line":59,"column":6}},"12":{"start":{"line":44,"column":8},"end":{"line":48,"column":11}},"13":{"start":{"line":49,"column":8},"end":{"line":49,"column":24}},"14":{"start":{"line":52,"column":8},"end":{"line":56,"column":11}},"15":{"start":{"line":57,"column":8},"end":{"line":57,"column":37}},"16":{"start":{"line":69,"column":4},"end":{"line":69,"column":40}},"17":{"start":{"line":80,"column":4},"end":{"line":80,"column":47}},"18":{"start":{"line":91,"column":4},"end":{"line":91,"column":46}},"19":{"start":{"line":102,"column":4},"end":{"line":102,"column":48}},"20":{"start":{"line":112,"column":4},"end":{"line":112,"column":43}},"21":{"start":{"line":122,"column":4},"end":{"line":122,"column":41}},"22":{"start":{"line":132,"column":4},"end":{"line":132,"column":44}},"23":{"start":{"line":140,"column":4},"end":{"line":140,"column":64}},"24":{"start":{"line":141,"column":4},"end":{"line":141,"column":58}},"25":{"start":{"line":150,"column":4},"end":{"line":150,"column":78}},"26":{"start":{"line":151,"column":4},"end":{"line":151,"column":60}},"27":{"start":{"line":158,"column":4},"end":{"line":158,"column":64}},"28":{"start":{"line":159,"column":4},"end":{"line":159,"column":54}},"29":{"start":{"line":167,"column":4},"end":{"line":167,"column":43}},"30":{"start":{"line":168,"column":4},"end":{"line":168,"column":55}},"31":{"start":{"line":176,"column":4},"end":{"line":180,"column":6}},"32":{"start":{"line":184,"column":0},"end":{"line":184,"column":28}}},"fnMap":{"0":{"name":"(anonymous_0)","decl":{"start":{"line":15,"column":2},"end":{"line":15,"column":3}},"loc":{"start":{"line":15,"column":44},"end":{"line":60,"column":3}},"line":15},"1":{"name":"(anonymous_1)","decl":{"start":{"line":28,"column":6},"end":{"line":28,"column":7}},"loc":{"start":{"line":28,"column":19},"end":{"line":34,"column":7}},"line":28},"2":{"name":"(anonymous_2)","decl":{"start":{"line":35,"column":6},"end":{"line":35,"column":7}},"loc":{"start":{"line":35,"column":17},"end":{"line":38,"column":7}},"line":35},"3":{"name":"(anonymous_3)","decl":{"start":{"line":43,"column":6},"end":{"line":43,"column":7}},"loc":{"start":{"line":43,"column":20},"end":{"line":50,"column":7}},"line":43},"4":{"name":"(anonymous_4)","decl":{"start":{"line":51,"column":6},"end":{"line":51,"column":7}},"loc":{"start":{"line":51,"column":17},"end":{"line":58,"column":7}},"line":51},"5":{"name":"(anonymous_5)","decl":{"start":{"line":68,"column":2},"end":{"line":68,"column":3}},"loc":{"start":{"line":68,"column":30},"end":{"line":70,"column":3}},"line":68},"6":{"name":"(anonymous_6)","decl":{"start":{"line":79,"column":2},"end":{"line":79,"column":3}},"loc":{"start":{"line":79,"column":42},"end":{"line":81,"column":3}},"line":79},"7":{"name":"(anonymous_7)","decl":{"start":{"line":90,"column":2},"end":{"line":90,"column":3}},"loc":{"start":{"line":90,"column":41},"end":{"line":92,"column":3}},"line":90},"8":{"name":"(anonymous_8)","decl":{"start":{"line":101,"column":2},"end":{"line":101,"column":3}},"loc":{"start":{"line":101,"column":43},"end":{"line":103,"column":3}},"line":101},"9":{"name":"(anonymous_9)","decl":{"start":{"line":111,"column":2},"end":{"line":111,"column":3}},"loc":{"start":{"line":111,"column":33},"end":{"line":113,"column":3}},"line":111},"10":{"name":"(anonymous_10)","decl":{"start":{"line":121,"column":2},"end":{"line":121,"column":3}},"loc":{"start":{"line":121,"column":31},"end":{"line":123,"column":3}},"line":121},"11":{"name":"(anonymous_11)","decl":{"start":{"line":131,"column":2},"end":{"line":131,"column":3}},"loc":{"start":{"line":131,"column":34},"end":{"line":133,"column":3}},"line":131},"12":{"name":"(anonymous_12)","decl":{"start":{"line":139,"column":2},"end":{"line":139,"column":3}},"loc":{"start":{"line":139,"column":29},"end":{"line":142,"column":3}},"line":139},"13":{"name":"(anonymous_13)","decl":{"start":{"line":149,"column":2},"end":{"line":149,"column":3}},"loc":{"start":{"line":149,"column":43},"end":{"line":152,"column":3}},"line":149},"14":{"name":"(anonymous_14)","decl":{"start":{"line":157,"column":2},"end":{"line":157,"column":3}},"loc":{"start":{"line":157,"column":23},"end":{"line":160,"column":3}},"line":157},"15":{"name":"(anonymous_15)","decl":{"start":{"line":166,"column":2},"end":{"line":166,"column":3}},"loc":{"start":{"line":166,"column":22},"end":{"line":169,"column":3}},"line":166},"16":{"name":"(anonymous_16)","decl":{"start":{"line":175,"column":2},"end":{"line":175,"column":3}},"loc":{"start":{"line":175,"column":14},"end":{"line":181,"column":3}},"line":175}},"branchMap":{"0":{"loc":{"start":{"line":15,"column":14},"end":{"line":15,"column":27}},"type":"default-arg","locations":[{"start":{"line":15,"column":23},"end":{"line":15,"column":27}}],"line":15},"1":{"loc":{"start":{"line":15,"column":29},"end":{"line":15,"column":42}},"type":"default-arg","locations":[{"start":{"line":15,"column":38},"end":{"line":15,"column":42}}],"line":15},"2":{"loc":{"start":{"line":16,"column":18},"end":{"line":16,"column":50}},"type":"binary-expr","locations":[{"start":{"line":16,"column":18},"end":{"line":16,"column":24}},{"start":{"line":16,"column":28},"end":{"line":16,"column":50}}],"line":16},"3":{"loc":{"start":{"line":17,"column":18},"end":{"line":17,"column":47}},"type":"binary-expr","locations":[{"start":{"line":17,"column":18},"end":{"line":17,"column":24}},{"start":{"line":17,"column":28},"end":{"line":17,"column":47}}],"line":17},"4":{"loc":{"start":{"line":52,"column":41},"end":{"line":52,"column":76}},"type":"binary-expr","locations":[{"start":{"line":52,"column":41},"end":{"line":52,"column":63}},{"start":{"line":52,"column":67},"end":{"line":52,"column":76}}],"line":52},"5":{"loc":{"start":{"line":68,"column":17},"end":{"line":68,"column":28}},"type":"default-arg","locations":[{"start":{"line":68,"column":26},"end":{"line":68,"column":28}}],"line":68},"6":{"loc":{"start":{"line":79,"column":18},"end":{"line":79,"column":27}},"type":"default-arg","locations":[{"start":{"line":79,"column":25},"end":{"line":79,"column":27}}],"line":79},"7":{"loc":{"start":{"line":79,"column":29},"end":{"line":79,"column":40}},"type":"default-arg","locations":[{"start":{"line":79,"column":38},"end":{"line":79,"column":40}}],"line":79},"8":{"loc":{"start":{"line":90,"column":17},"end":{"line":90,"column":26}},"type":"default-arg","locations":[{"start":{"line":90,"column":24},"end":{"line":90,"column":26}}],"line":90},"9":{"loc":{"start":{"line":90,"column":28},"end":{"line":90,"column":39}},"type":"default-arg","locations":[{"start":{"line":90,"column":37},"end":{"line":90,"column":39}}],"line":90},"10":{"loc":{"start":{"line":101,"column":19},"end":{"line":101,"column":28}},"type":"default-arg","locations":[{"start":{"line":101,"column":26},"end":{"line":101,"column":28}}],"line":101},"11":{"loc":{"start":{"line":101,"column":30},"end":{"line":101,"column":41}},"type":"default-arg","locations":[{"start":{"line":101,"column":39},"end":{"line":101,"column":41}}],"line":101},"12":{"loc":{"start":{"line":111,"column":20},"end":{"line":111,"column":31}},"type":"default-arg","locations":[{"start":{"line":111,"column":29},"end":{"line":111,"column":31}}],"line":111},"13":{"loc":{"start":{"line":121,"column":18},"end":{"line":121,"column":29}},"type":"default-arg","locations":[{"start":{"line":121,"column":27},"end":{"line":121,"column":29}}],"line":121},"14":{"loc":{"start":{"line":131,"column":21},"end":{"line":131,"column":32}},"type":"default-arg","locations":[{"start":{"line":131,"column":30},"end":{"line":131,"column":32}}],"line":131},"15":{"loc":{"start":{"line":149,"column":26},"end":{"line":149,"column":41}},"type":"default-arg","locations":[{"start":{"line":149,"column":33},"end":{"line":149,"column":41}}],"line":149}},"s":{"0":3,"1":3,"2":3,"3":4,"4":4,"5":4,"6":4,"7":29,"8":29,"9":0,"10":0,"11":4,"12":23,"13":23,"14":6,"15":6,"16":8,"17":6,"18":7,"19":1,"20":7,"21":0,"22":0,"23":0,"24":0,"25":1,"26":1,"27":1,"28":1,"29":0,"30":0,"31":0,"32":3},"f":{"0":4,"1":29,"2":0,"3":23,"4":6,"5":8,"6":6,"7":7,"8":1,"9":7,"10":0,"11":0,"12":0,"13":1,"14":1,"15":0,"16":0},"b":{"0":[2],"1":[4],"2":[4,2],"3":[4,4],"4":[6,1],"5":[8],"6":[0],"7":[5],"8":[0],"9":[7],"10":[0],"11":[1],"12":[7],"13":[0],"14":[0],"15":[1]},"_coverageSchema":"1a1c01bbd47fc00a2c39e90264f33305004495a9","hash":"048fb5d8032db58f9243a4b28614435c64598810"}
,"/Users/maximkhodyrev/github/Prometheus/logger/ConsoleLogger.js": {"path":"/Users/maximkhodyrev/github/Prometheus/logger/ConsoleLogger.js","statementMap":{"0":{"start":{"line":1,"column":16},"end":{"line":1,"column":36}},"1":{"start":{"line":16,"column":4},"end":{"line":16,"column":12}},"2":{"start":{"line":17,"column":4},"end":{"line":17,"column":55}},"3":{"start":{"line":18,"column":4},"end":{"line":18,"column":63}},"4":{"start":{"line":19,"column":4},"end":{"line":19,"column":42}},"5":{"start":{"line":20,"column":4},"end":{"line":25,"column":6}},"6":{"start":{"line":33,"column":4},"end":{"line":33,"column":36}},"7":{"start":{"line":42,"column":4},"end":{"line":42,"column":38}},"8":{"start":{"line":42,"column":28},"end":{"line":42,"column":38}},"9":{"start":{"line":44,"column":19},"end":{"line":49,"column":5}},"10":{"start":{"line":51,"column":4},"end":{"line":51,"column":31}},"11":{"start":{"line":59,"column":4},"end":{"line":59,"column":46}},"12":{"start":{"line":70,"column":20},"end":{"line":70,"column":22}},"13":{"start":{"line":72,"column":4},"end":{"line":74,"column":5}},"14":{"start":{"line":73,"column":6},"end":{"line":73,"column":47}},"15":{"start":{"line":76,"column":4},"end":{"line":76,"column":54}},"16":{"start":{"line":78,"column":4},"end":{"line":80,"column":5}},"17":{"start":{"line":79,"column":6},"end":{"line":79,"column":46}},"18":{"start":{"line":82,"column":4},"end":{"line":82,"column":21}},"19":{"start":{"line":91,"column":4},"end":{"line":91,"column":57}},"20":{"start":{"line":100,"column":4},"end":{"line":103,"column":5}},"21":{"start":{"line":101,"column":24},"end":{"line":101,"column":65}},"22":{"start":{"line":102,"column":6},"end":{"line":102,"column":81}},"23":{"start":{"line":112,"column":4},"end":{"line":115,"column":5}},"24":{"start":{"line":113,"column":24},"end":{"line":113,"column":65}},"25":{"start":{"line":114,"column":6},"end":{"line":114,"column":82}},"26":{"start":{"line":125,"column":4},"end":{"line":132,"column":5}},"27":{"start":{"line":126,"column":24},"end":{"line":126,"column":66}},"28":{"start":{"line":127,"column":6},"end":{"line":127,"column":84}},"29":{"start":{"line":129,"column":6},"end":{"line":131,"column":7}},"30":{"start":{"line":130,"column":8},"end":{"line":130,"column":88}},"31":{"start":{"line":141,"column":4},"end":{"line":144,"column":5}},"32":{"start":{"line":142,"column":24},"end":{"line":142,"column":66}},"33":{"start":{"line":143,"column":6},"end":{"line":143,"column":82}},"34":{"start":{"line":154,"column":4},"end":{"line":169,"column":5}},"35":{"start":{"line":156,"column":8},"end":{"line":156,"column":33}},"36":{"start":{"line":157,"column":8},"end":{"line":157,"column":14}},"37":{"start":{"line":159,"column":8},"end":{"line":159,"column":33}},"38":{"start":{"line":160,"column":8},"end":{"line":160,"column":14}},"39":{"start":{"line":162,"column":8},"end":{"line":162,"column":40}},"40":{"start":{"line":163,"column":8},"end":{"line":163,"column":14}},"41":{"start":{"line":165,"column":8},"end":{"line":165,"column":34}},"42":{"start":{"line":166,"column":8},"end":{"line":166,"column":14}},"43":{"start":{"line":168,"column":8},"end":{"line":168,"column":33}},"44":{"start":{"line":173,"column":0},"end":{"line":173,"column":31}}},"fnMap":{"0":{"name":"(anonymous_0)","decl":{"start":{"line":15,"column":2},"end":{"line":15,"column":3}},"loc":{"start":{"line":15,"column":28},"end":{"line":26,"column":3}},"line":15},"1":{"name":"(anonymous_1)","decl":{"start":{"line":32,"column":2},"end":{"line":32,"column":3}},"loc":{"start":{"line":32,"column":17},"end":{"line":34,"column":3}},"line":32},"2":{"name":"(anonymous_2)","decl":{"start":{"line":41,"column":2},"end":{"line":41,"column":3}},"loc":{"start":{"line":41,"column":18},"end":{"line":52,"column":3}},"line":41},"3":{"name":"(anonymous_3)","decl":{"start":{"line":58,"column":2},"end":{"line":58,"column":3}},"loc":{"start":{"line":58,"column":18},"end":{"line":60,"column":3}},"line":58},"4":{"name":"(anonymous_4)","decl":{"start":{"line":69,"column":2},"end":{"line":69,"column":3}},"loc":{"start":{"line":69,"column":43},"end":{"line":83,"column":3}},"line":69},"5":{"name":"(anonymous_5)","decl":{"start":{"line":90,"column":2},"end":{"line":90,"column":3}},"loc":{"start":{"line":90,"column":19},"end":{"line":92,"column":3}},"line":90},"6":{"name":"(anonymous_6)","decl":{"start":{"line":99,"column":2},"end":{"line":99,"column":3}},"loc":{"start":{"line":99,"column":27},"end":{"line":104,"column":3}},"line":99},"7":{"name":"(anonymous_7)","decl":{"start":{"line":111,"column":2},"end":{"line":111,"column":3}},"loc":{"start":{"line":111,"column":27},"end":{"line":116,"column":3}},"line":111},"8":{"name":"(anonymous_8)","decl":{"start":{"line":124,"column":2},"end":{"line":124,"column":3}},"loc":{"start":{"line":124,"column":42},"end":{"line":133,"column":3}},"line":124},"9":{"name":"(anonymous_9)","decl":{"start":{"line":140,"column":2},"end":{"line":140,"column":3}},"loc":{"start":{"line":140,"column":28},"end":{"line":145,"column":3}},"line":140},"10":{"name":"(anonymous_10)","decl":{"start":{"line":153,"column":2},"end":{"line":153,"column":3}},"loc":{"start":{"line":153,"column":33},"end":{"line":170,"column":3}},"line":153}},"branchMap":{"0":{"loc":{"start":{"line":15,"column":14},"end":{"line":15,"column":26}},"type":"default-arg","locations":[{"start":{"line":15,"column":24},"end":{"line":15,"column":26}}],"line":15},"1":{"loc":{"start":{"line":19,"column":17},"end":{"line":19,"column":41}},"type":"binary-expr","locations":[{"start":{"line":19,"column":17},"end":{"line":19,"column":30}},{"start":{"line":19,"column":34},"end":{"line":19,"column":41}}],"line":19},"2":{"loc":{"start":{"line":42,"column":4},"end":{"line":42,"column":38}},"type":"if","locations":[{"start":{"line":42,"column":4},"end":{"line":42,"column":38}},{"start":{},"end":{}}],"line":42},"3":{"loc":{"start":{"line":51,"column":11},"end":{"line":51,"column":30}},"type":"binary-expr","locations":[{"start":{"line":51,"column":11},"end":{"line":51,"column":24}},{"start":{"line":51,"column":28},"end":{"line":51,"column":30}}],"line":51},"4":{"loc":{"start":{"line":59,"column":11},"end":{"line":59,"column":45}},"type":"cond-expr","locations":[{"start":{"line":59,"column":31},"end":{"line":59,"column":40}},{"start":{"line":59,"column":43},"end":{"line":59,"column":45}}],"line":59},"5":{"loc":{"start":{"line":69,"column":32},"end":{"line":69,"column":41}},"type":"default-arg","locations":[{"start":{"line":69,"column":39},"end":{"line":69,"column":41}}],"line":69},"6":{"loc":{"start":{"line":72,"column":4},"end":{"line":74,"column":5}},"type":"if","locations":[{"start":{"line":72,"column":4},"end":{"line":74,"column":5}},{"start":{},"end":{}}],"line":72},"7":{"loc":{"start":{"line":78,"column":4},"end":{"line":80,"column":5}},"type":"if","locations":[{"start":{"line":78,"column":4},"end":{"line":80,"column":5}},{"start":{},"end":{}}],"line":78},"8":{"loc":{"start":{"line":99,"column":16},"end":{"line":99,"column":25}},"type":"default-arg","locations":[{"start":{"line":99,"column":23},"end":{"line":99,"column":25}}],"line":99},"9":{"loc":{"start":{"line":100,"column":4},"end":{"line":103,"column":5}},"type":"if","locations":[{"start":{"line":100,"column":4},"end":{"line":103,"column":5}},{"start":{},"end":{}}],"line":100},"10":{"loc":{"start":{"line":111,"column":16},"end":{"line":111,"column":25}},"type":"default-arg","locations":[{"start":{"line":111,"column":23},"end":{"line":111,"column":25}}],"line":111},"11":{"loc":{"start":{"line":112,"column":4},"end":{"line":115,"column":5}},"type":"if","locations":[{"start":{"line":112,"column":4},"end":{"line":115,"column":5}},{"start":{},"end":{}}],"line":112},"12":{"loc":{"start":{"line":124,"column":17},"end":{"line":124,"column":29}},"type":"default-arg","locations":[{"start":{"line":124,"column":25},"end":{"line":124,"column":29}}],"line":124},"13":{"loc":{"start":{"line":124,"column":31},"end":{"line":124,"column":40}},"type":"default-arg","locations":[{"start":{"line":124,"column":38},"end":{"line":124,"column":40}}],"line":124},"14":{"loc":{"start":{"line":125,"column":4},"end":{"line":132,"column":5}},"type":"if","locations":[{"start":{"line":125,"column":4},"end":{"line":132,"column":5}},{"start":{},"end":{}}],"line":125},"15":{"loc":{"start":{"line":129,"column":6},"end":{"line":131,"column":7}},"type":"if","locations":[{"start":{"line":129,"column":6},"end":{"line":131,"column":7}},{"start":{},"end":{}}],"line":129},"16":{"loc":{"start":{"line":140,"column":17},"end":{"line":140,"column":26}},"type":"default-arg","locations":[{"start":{"line":140,"column":24},"end":{"line":140,"column":26}}],"line":140},"17":{"loc":{"start":{"line":141,"column":4},"end":{"line":144,"column":5}},"type":"if","locations":[{"start":{"line":141,"column":4},"end":{"line":144,"column":5}},{"start":{},"end":{}}],"line":141},"18":{"loc":{"start":{"line":153,"column":22},"end":{"line":153,"column":31}},"type":"default-arg","locations":[{"start":{"line":153,"column":29},"end":{"line":153,"column":31}}],"line":153},"19":{"loc":{"start":{"line":154,"column":4},"end":{"line":169,"column":5}},"type":"switch","locations":[{"start":{"line":155,"column":6},"end":{"line":157,"column":14}},{"start":{"line":158,"column":6},"end":{"line":160,"column":14}},{"start":{"line":161,"column":6},"end":{"line":163,"column":14}},{"start":{"line":164,"column":6},"end":{"line":166,"column":14}},{"start":{"line":167,"column":6},"end":{"line":168,"column":33}}],"line":154}},"s":{"0":3,"1":4,"2":4,"3":4,"4":4,"5":4,"6":60,"7":66,"8":0,"9":66,"10":66,"11":66,"12":60,"13":60,"14":60,"15":60,"16":60,"17":59,"18":60,"19":60,"20":0,"21":0,"22":0,"23":0,"24":0,"25":0,"26":6,"27":6,"28":6,"29":6,"30":6,"31":54,"32":54,"33":54,"34":0,"35":0,"36":0,"37":0,"38":0,"39":0,"40":0,"41":0,"42":0,"43":0,"44":3},"f":{"0":4,"1":60,"2":66,"3":66,"4":60,"5":60,"6":0,"7":0,"8":6,"9":54,"10":0},"b":{"0":[4],"1":[4,4],"2":[0,66],"3":[66,0],"4":[66,0],"5":[0],"6":[60,0],"7":[59,1],"8":[0],"9":[0,0],"10":[0],"11":[0,0],"12":[0],"13":[0],"14":[6,0],"15":[6,0],"16":[1],"17":[54,0],"18":[0],"19":[0,0,0,0,0]},"_coverageSchema":"1a1c01bbd47fc00a2c39e90264f33305004495a9","hash":"d1bf6743d535e2e149e5f891bdd3610fff3a696d"}
,"/Users/maximkhodyrev/github/Prometheus/logger/ILogger.js": {"path":"/Users/maximkhodyrev/github/Prometheus/logger/ILogger.js","statementMap":{"0":{"start":{"line":12,"column":4},"end":{"line":12,"column":80}},"1":{"start":{"line":21,"column":4},"end":{"line":21,"column":80}},"2":{"start":{"line":31,"column":4},"end":{"line":31,"column":81}},"3":{"start":{"line":40,"column":4},"end":{"line":40,"column":81}},"4":{"start":{"line":50,"column":4},"end":{"line":50,"column":79}},"5":{"start":{"line":54,"column":0},"end":{"line":54,"column":25}}},"fnMap":{"0":{"name":"(anonymous_0)","decl":{"start":{"line":11,"column":2},"end":{"line":11,"column":3}},"loc":{"start":{"line":11,"column":27},"end":{"line":13,"column":3}},"line":11},"1":{"name":"(anonymous_1)","decl":{"start":{"line":20,"column":2},"end":{"line":20,"column":3}},"loc":{"start":{"line":20,"column":27},"end":{"line":22,"column":3}},"line":20},"2":{"name":"(anonymous_2)","decl":{"start":{"line":30,"column":2},"end":{"line":30,"column":3}},"loc":{"start":{"line":30,"column":42},"end":{"line":32,"column":3}},"line":30},"3":{"name":"(anonymous_3)","decl":{"start":{"line":39,"column":2},"end":{"line":39,"column":3}},"loc":{"start":{"line":39,"column":28},"end":{"line":41,"column":3}},"line":39},"4":{"name":"(anonymous_4)","decl":{"start":{"line":49,"column":2},"end":{"line":49,"column":3}},"loc":{"start":{"line":49,"column":33},"end":{"line":51,"column":3}},"line":49}},"branchMap":{"0":{"loc":{"start":{"line":11,"column":16},"end":{"line":11,"column":25}},"type":"default-arg","locations":[{"start":{"line":11,"column":23},"end":{"line":11,"column":25}}],"line":11},"1":{"loc":{"start":{"line":20,"column":16},"end":{"line":20,"column":25}},"type":"default-arg","locations":[{"start":{"line":20,"column":23},"end":{"line":20,"column":25}}],"line":20},"2":{"loc":{"start":{"line":30,"column":17},"end":{"line":30,"column":29}},"type":"default-arg","locations":[{"start":{"line":30,"column":25},"end":{"line":30,"column":29}}],"line":30},"3":{"loc":{"start":{"line":30,"column":31},"end":{"line":30,"column":40}},"type":"default-arg","locations":[{"start":{"line":30,"column":38},"end":{"line":30,"column":40}}],"line":30},"4":{"loc":{"start":{"line":39,"column":17},"end":{"line":39,"column":26}},"type":"default-arg","locations":[{"start":{"line":39,"column":24},"end":{"line":39,"column":26}}],"line":39},"5":{"loc":{"start":{"line":49,"column":22},"end":{"line":49,"column":31}},"type":"default-arg","locations":[{"start":{"line":49,"column":29},"end":{"line":49,"column":31}}],"line":49}},"s":{"0":0,"1":0,"2":0,"3":0,"4":0,"5":3},"f":{"0":0,"1":0,"2":0,"3":0,"4":0},"b":{"0":[0],"1":[0],"2":[0],"3":[0],"4":[0],"5":[0]},"_coverageSchema":"1a1c01bbd47fc00a2c39e90264f33305004495a9","hash":"fb66028eb19c58552a1c39bfa72fa4f0373ad09e"}
,"/Users/maximkhodyrev/github/Prometheus/utils/test-utils.js": {"path":"/Users/maximkhodyrev/github/Prometheus/utils/test-utils.js","statementMap":{"0":{"start":{"line":5,"column":11},"end":{"line":5,"column":24}},"1":{"start":{"line":6,"column":13},"end":{"line":6,"column":28}},"2":{"start":{"line":14,"column":19},"end":{"line":14,"column":60}},"3":{"start":{"line":16,"column":2},"end":{"line":18,"column":3}},"4":{"start":{"line":17,"column":4},"end":{"line":17,"column":61}},"5":{"start":{"line":20,"column":18},"end":{"line":20,"column":51}},"6":{"start":{"line":21,"column":2},"end":{"line":21,"column":29}},"7":{"start":{"line":30,"column":17},"end":{"line":36,"column":3}},"8":{"start":{"line":38,"column":17},"end":{"line":44,"column":3}},"9":{"start":{"line":46,"column":2},"end":{"line":51,"column":4}},"10":{"start":{"line":61,"column":16},"end":{"line":61,"column":90}},"11":{"start":{"line":62,"column":17},"end":{"line":68,"column":3}},"12":{"start":{"line":70,"column":2},"end":{"line":76,"column":4}},"13":{"start":{"line":85,"column":2},"end":{"line":85,"column":57}},"14":{"start":{"line":85,"column":32},"end":{"line":85,"column":55}},"15":{"start":{"line":96,"column":16},"end":{"line":96,"column":17}},"16":{"start":{"line":98,"column":2},"end":{"line":110,"column":3}},"17":{"start":{"line":99,"column":4},"end":{"line":109,"column":5}},"18":{"start":{"line":100,"column":6},"end":{"line":100,"column":24}},"19":{"start":{"line":102,"column":6},"end":{"line":104,"column":7}},"20":{"start":{"line":103,"column":8},"end":{"line":103,"column":20}},"21":{"start":{"line":106,"column":22},"end":{"line":106,"column":61}},"22":{"start":{"line":107,"column":6},"end":{"line":107,"column":27}},"23":{"start":{"line":108,"column":6},"end":{"line":108,"column":16}},"24":{"start":{"line":120,"column":17},"end":{"line":120,"column":19}},"25":{"start":{"line":121,"column":15},"end":{"line":121,"column":28}},"26":{"start":{"line":124,"column":4},"end":{"line":143,"column":5}},"27":{"start":{"line":125,"column":23},"end":{"line":125,"column":52}},"28":{"start":{"line":127,"column":6},"end":{"line":130,"column":7}},"29":{"start":{"line":128,"column":8},"end":{"line":128,"column":53}},"30":{"start":{"line":129,"column":8},"end":{"line":129,"column":17}},"31":{"start":{"line":132,"column":27},"end":{"line":132,"column":41}},"32":{"start":{"line":133,"column":26},"end":{"line":133,"column":34}},"33":{"start":{"line":134,"column":25},"end":{"line":134,"column":43}},"34":{"start":{"line":136,"column":6},"end":{"line":142,"column":7}},"35":{"start":{"line":137,"column":8},"end":{"line":137,"column":82}},"36":{"start":{"line":138,"column":13},"end":{"line":142,"column":7}},"37":{"start":{"line":139,"column":8},"end":{"line":139,"column":89}},"38":{"start":{"line":140,"column":13},"end":{"line":142,"column":7}},"39":{"start":{"line":141,"column":8},"end":{"line":141,"column":62}},"40":{"start":{"line":146,"column":2},"end":{"line":146,"column":31}},"41":{"start":{"line":148,"column":2},"end":{"line":151,"column":4}},"42":{"start":{"line":159,"column":2},"end":{"line":193,"column":4}},"43":{"start":{"line":204,"column":2},"end":{"line":204,"column":27}},"44":{"start":{"line":207,"column":0},"end":{"line":216,"column":2}}},"fnMap":{"0":{"name":"loadTestData","decl":{"start":{"line":13,"column":9},"end":{"line":13,"column":21}},"loc":{"start":{"line":13,"column":32},"end":{"line":22,"column":1}},"line":13},"1":{"name":"generateRandomPostData","decl":{"start":{"line":29,"column":9},"end":{"line":29,"column":31}},"loc":{"start":{"line":29,"column":48},"end":{"line":52,"column":1}},"line":29},"2":{"name":"generateRandomCommentData","decl":{"start":{"line":60,"column":9},"end":{"line":60,"column":34}},"loc":{"start":{"line":60,"column":59},"end":{"line":77,"column":1}},"line":60},"3":{"name":"delay","decl":{"start":{"line":84,"column":9},"end":{"line":84,"column":14}},"loc":{"start":{"line":84,"column":19},"end":{"line":86,"column":1}},"line":84},"4":{"name":"(anonymous_4)","decl":{"start":{"line":85,"column":21},"end":{"line":85,"column":22}},"loc":{"start":{"line":85,"column":32},"end":{"line":85,"column":55}},"line":85},"5":{"name":"retryWithBackoff","decl":{"start":{"line":95,"column":15},"end":{"line":95,"column":31}},"loc":{"start":{"line":95,"column":74},"end":{"line":111,"column":1}},"line":95},"6":{"name":"validateResponseSchema","decl":{"start":{"line":119,"column":9},"end":{"line":119,"column":31}},"loc":{"start":{"line":119,"column":50},"end":{"line":152,"column":1}},"line":119},"7":{"name":"validateObject","decl":{"start":{"line":123,"column":11},"end":{"line":123,"column":25}},"loc":{"start":{"line":123,"column":53},"end":{"line":144,"column":3}},"line":123},"8":{"name":"createTestFixtures","decl":{"start":{"line":158,"column":9},"end":{"line":158,"column":27}},"loc":{"start":{"line":158,"column":30},"end":{"line":194,"column":1}},"line":158},"9":{"name":"cleanupTestData","decl":{"start":{"line":201,"column":15},"end":{"line":201,"column":30}},"loc":{"start":{"line":201,"column":43},"end":{"line":205,"column":1}},"line":201}},"branchMap":{"0":{"loc":{"start":{"line":16,"column":2},"end":{"line":18,"column":3}},"type":"if","locations":[{"start":{"line":16,"column":2},"end":{"line":18,"column":3}},{"start":{},"end":{}}],"line":16},"1":{"loc":{"start":{"line":29,"column":32},"end":{"line":29,"column":46}},"type":"default-arg","locations":[{"start":{"line":29,"column":44},"end":{"line":29,"column":46}}],"line":29},"2":{"loc":{"start":{"line":60,"column":43},"end":{"line":60,"column":57}},"type":"default-arg","locations":[{"start":{"line":60,"column":55},"end":{"line":60,"column":57}}],"line":60},"3":{"loc":{"start":{"line":71,"column":12},"end":{"line":71,"column":57}},"type":"binary-expr","locations":[{"start":{"line":71,"column":12},"end":{"line":71,"column":18}},{"start":{"line":71,"column":22},"end":{"line":71,"column":57}}],"line":71},"4":{"loc":{"start":{"line":95,"column":36},"end":{"line":95,"column":51}},"type":"default-arg","locations":[{"start":{"line":95,"column":50},"end":{"line":95,"column":51}}],"line":95},"5":{"loc":{"start":{"line":95,"column":53},"end":{"line":95,"column":72}},"type":"default-arg","locations":[{"start":{"line":95,"column":68},"end":{"line":95,"column":72}}],"line":95},"6":{"loc":{"start":{"line":102,"column":6},"end":{"line":104,"column":7}},"type":"if","locations":[{"start":{"line":102,"column":6},"end":{"line":104,"column":7}},{"start":{},"end":{}}],"line":102},"7":{"loc":{"start":{"line":123,"column":42},"end":{"line":123,"column":51}},"type":"default-arg","locations":[{"start":{"line":123,"column":49},"end":{"line":123,"column":51}}],"line":123},"8":{"loc":{"start":{"line":125,"column":23},"end":{"line":125,"column":52}},"type":"cond-expr","locations":[{"start":{"line":125,"column":30},"end":{"line":125,"column":46}},{"start":{"line":125,"column":49},"end":{"line":125,"column":52}}],"line":125},"9":{"loc":{"start":{"line":127,"column":6},"end":{"line":130,"column":7}},"type":"if","locations":[{"start":{"line":127,"column":6},"end":{"line":130,"column":7}},{"start":{},"end":{}}],"line":127},"10":{"loc":{"start":{"line":136,"column":6},"end":{"line":142,"column":7}},"type":"if","locations":[{"start":{"line":136,"column":6},"end":{"line":142,"column":7}},{"start":{"line":138,"column":13},"end":{"line":142,"column":7}}],"line":136},"11":{"loc":{"start":{"line":136,"column":10},"end":{"line":136,"column":65}},"type":"binary-expr","locations":[{"start":{"line":136,"column":10},"end":{"line":136,"column":34}},{"start":{"line":136,"column":38},"end":{"line":136,"column":65}}],"line":136},"12":{"loc":{"start":{"line":138,"column":13},"end":{"line":142,"column":7}},"type":"if","locations":[{"start":{"line":138,"column":13},"end":{"line":142,"column":7}},{"start":{"line":140,"column":13},"end":{"line":142,"column":7}}],"line":138},"13":{"loc":{"start":{"line":138,"column":17},"end":{"line":138,"column":72}},"type":"binary-expr","locations":[{"start":{"line":138,"column":17},"end":{"line":138,"column":41}},{"start":{"line":138,"column":45},"end":{"line":138,"column":72}}],"line":138},"14":{"loc":{"start":{"line":140,"column":13},"end":{"line":142,"column":7}},"type":"if","locations":[{"start":{"line":140,"column":13},"end":{"line":142,"column":7}},{"start":{},"end":{}}],"line":140},"15":{"loc":{"start":{"line":140,"column":17},"end":{"line":140,"column":66}},"type":"binary-expr","locations":[{"start":{"line":140,"column":17},"end":{"line":140,"column":42}},{"start":{"line":140,"column":46},"end":{"line":140,"column":66}}],"line":140}},"s":{"0":0,"1":0,"2":0,"3":0,"4":0,"5":0,"6":0,"7":0,"8":0,"9":0,"10":0,"11":0,"12":0,"13":0,"14":0,"15":0,"16":0,"17":0,"18":0,"19":0,"20":0,"21":0,"22":0,"23":0,"24":0,"25":0,"26":0,"27":0,"28":0,"29":0,"30":0,"31":0,"32":0,"33":0,"34":0,"35":0,"36":0,"37":0,"38":0,"39":0,"40":0,"41":0,"42":0,"43":0,"44":0},"f":{"0":0,"1":0,"2":0,"3":0,"4":0,"5":0,"6":0,"7":0,"8":0,"9":0},"b":{"0":[0,0],"1":[0],"2":[0],"3":[0,0],"4":[0],"5":[0],"6":[0,0],"7":[0],"8":[0,0],"9":[0,0],"10":[0,0],"11":[0,0],"12":[0,0],"13":[0,0],"14":[0,0],"15":[0,0]}}
}
