TN:
SF:assertions/FluentAssertions.js
FN:12,(anonymous_0)
FN:21,(anonymous_1)
FN:32,(anonymous_2)
FN:42,(anonymous_3)
FN:52,(anonymous_4)
FN:62,(anonymous_5)
FN:72,(anonymous_6)
FN:73,(anonymous_7)
FN:84,(anonymous_8)
FN:85,(anonymous_9)
FN:98,(anonymous_10)
FN:108,(anonymous_11)
FN:117,(anonymous_12)
FN:128,(anonymous_13)
FN:141,(anonymous_14)
FN:151,(anonymous_15)
FN:161,(anonymous_16)
FN:174,(anonymous_17)
FN:182,(anonymous_18)
FN:192,expectResponse
FNF:20
FNH:5
FNDA:12,(anonymous_0)
FNDA:12,(anonymous_1)
FNDA:0,(anonymous_2)
FNDA:5,(anonymous_3)
FNDA:0,(anonymous_4)
FNDA:0,(anonymous_5)
FNDA:0,(anonymous_6)
FNDA:0,(anonymous_7)
FNDA:0,(anonymous_8)
FNDA:0,(anonymous_9)
FNDA:1,(anonymous_10)
FNDA:0,(anonymous_11)
FNDA:0,(anonymous_12)
FNDA:0,(anonymous_13)
FNDA:0,(anonymous_14)
FNDA:0,(anonymous_15)
FNDA:0,(anonymous_16)
FNDA:0,(anonymous_17)
FNDA:0,(anonymous_18)
FNDA:12,expectResponse
DA:1,3
DA:13,12
DA:22,12
DA:23,12
DA:33,0
DA:35,0
DA:43,5
DA:44,5
DA:45,5
DA:53,0
DA:54,0
DA:63,0
DA:64,0
DA:73,0
DA:74,0
DA:76,0
DA:85,0
DA:86,0
DA:87,0
DA:88,0
DA:91,0
DA:99,1
DA:100,1
DA:109,0
DA:110,0
DA:118,0
DA:119,0
DA:129,0
DA:130,0
DA:131,0
DA:133,0
DA:142,0
DA:143,0
DA:152,0
DA:153,0
DA:164,0
DA:165,0
DA:167,0
DA:175,0
DA:183,0
DA:193,12
DA:196,3
LF:42
LH:11
BRDA:87,0,0,0
BRDA:87,0,1,0
BRDA:87,1,0,0
BRDA:87,1,1,0
BRDA:130,2,0,0
BRDA:130,2,1,0
BRDA:164,3,0,0
BRDA:164,3,1,0
BRF:8
BRH:0
end_of_record
TN:
SF:config/config.js
FN:48,getEnvironmentConfig
FN:65,getCurrentEnvironment
FNF:2
FNH:1
FNDA:2,getEnvironmentConfig
FNDA:0,getCurrentEnvironment
DA:6,3
DA:49,2
DA:51,2
DA:66,0
DA:69,3
LF:5
LH:4
BRDA:48,0,0,2
BRDA:49,1,0,2
BRDA:49,1,1,0
BRDA:66,2,0,0
BRDA:66,2,1,0
BRDA:66,2,2,0
BRF:6
BRH:2
end_of_record
TN:
SF:dto/CommentDTO.js
FN:14,(anonymous_0)
FN:27,(anonymous_1)
FN:41,(anonymous_2)
FN:61,(anonymous_3)
FN:97,(anonymous_4)
FN:107,(anonymous_5)
FNF:6
FNH:0
FNDA:0,(anonymous_0)
FNDA:0,(anonymous_1)
FNDA:0,(anonymous_2)
FNDA:0,(anonymous_3)
FNDA:0,(anonymous_4)
FNDA:0,(anonymous_5)
DA:15,0
DA:16,0
DA:17,0
DA:18,0
DA:19,0
DA:28,0
DA:42,0
DA:50,0
DA:51,0
DA:54,0
DA:62,0
DA:64,0
DA:65,0
DA:68,0
DA:69,0
DA:72,0
DA:73,0
DA:74,0
DA:75,0
DA:78,0
DA:79,0
DA:82,0
DA:83,0
DA:86,0
DA:98,0
DA:99,0
DA:108,0
DA:118,0
LF:28
LH:0
BRDA:14,0,0,0
BRDA:14,1,0,0
BRDA:14,2,0,0
BRDA:14,3,0,0
BRDA:14,4,0,0
BRDA:29,5,0,0
BRDA:29,5,1,0
BRDA:30,6,0,0
BRDA:30,6,1,0
BRDA:31,7,0,0
BRDA:31,7,1,0
BRDA:32,8,0,0
BRDA:32,8,1,0
BRDA:33,9,0,0
BRDA:33,9,1,0
BRDA:50,10,0,0
BRDA:50,10,1,0
BRDA:64,11,0,0
BRDA:64,11,1,0
BRDA:64,12,0,0
BRDA:64,12,1,0
BRDA:64,12,2,0
BRDA:68,13,0,0
BRDA:68,13,1,0
BRDA:68,14,0,0
BRDA:68,14,1,0
BRDA:72,15,0,0
BRDA:72,15,1,0
BRDA:72,16,0,0
BRDA:72,16,1,0
BRDA:74,17,0,0
BRDA:74,17,1,0
BRDA:78,18,0,0
BRDA:78,18,1,0
BRDA:78,19,0,0
BRDA:78,19,1,0
BRDA:82,20,0,0
BRDA:82,20,1,0
BRDA:82,21,0,0
BRDA:82,21,1,0
BRDA:82,21,2,0
BRDA:107,22,0,0
BRDA:109,23,0,0
BRDA:109,23,1,0
BRDA:110,24,0,0
BRDA:110,24,1,0
BRDA:111,25,0,0
BRDA:111,25,1,0
BRDA:112,26,0,0
BRDA:112,26,1,0
BRDA:113,27,0,0
BRDA:113,27,1,0
BRF:52
BRH:0
end_of_record
TN:
SF:dto/PostDTO.js
FN:13,(anonymous_0)
FN:25,(anonymous_1)
FN:38,(anonymous_2)
FN:57,(anonymous_3)
FN:87,(anonymous_4)
FNF:5
FNH:2
FNDA:4,(anonymous_0)
FNDA:0,(anonymous_1)
FNDA:4,(anonymous_2)
FNDA:0,(anonymous_3)
FNDA:0,(anonymous_4)
DA:14,4
DA:15,4
DA:16,4
DA:17,4
DA:26,0
DA:39,4
DA:46,4
DA:47,2
DA:50,4
DA:58,0
DA:60,0
DA:61,0
DA:64,0
DA:65,0
DA:68,0
DA:69,0
DA:72,0
DA:73,0
DA:76,0
DA:88,0
DA:97,1
LF:21
LH:9
BRDA:13,0,0,0
BRDA:13,1,0,0
BRDA:13,2,0,0
BRDA:13,3,0,0
BRDA:27,4,0,0
BRDA:27,4,1,0
BRDA:28,5,0,0
BRDA:28,5,1,0
BRDA:29,6,0,0
BRDA:29,6,1,0
BRDA:30,7,0,0
BRDA:30,7,1,0
BRDA:46,8,0,2
BRDA:46,8,1,2
BRDA:60,9,0,0
BRDA:60,9,1,0
BRDA:60,10,0,0
BRDA:60,10,1,0
BRDA:60,10,2,0
BRDA:64,11,0,0
BRDA:64,11,1,0
BRDA:64,12,0,0
BRDA:64,12,1,0
BRDA:68,13,0,0
BRDA:68,13,1,0
BRDA:68,14,0,0
BRDA:68,14,1,0
BRDA:72,15,0,0
BRDA:72,15,1,0
BRDA:72,16,0,0
BRDA:72,16,1,0
BRDA:72,16,2,0
BRDA:87,17,0,0
BRDA:89,18,0,0
BRDA:89,18,1,0
BRDA:90,19,0,0
BRDA:90,19,1,0
BRDA:91,20,0,0
BRDA:91,20,1,0
BRDA:92,21,0,0
BRDA:92,21,1,0
BRF:41
BRH:2
end_of_record
TN:
SF:dto/UserDTO.js
FN:14,(anonymous_0)
FN:27,(anonymous_1)
FN:41,(anonymous_2)
FN:59,(anonymous_3)
FN:70,(anonymous_4)
FN:82,(anonymous_5)
FN:103,(anonymous_6)
FN:119,(anonymous_7)
FN:136,(anonymous_8)
FN:159,(anonymous_9)
FN:191,(anonymous_10)
FN:201,(anonymous_11)
FNF:12
FNH:0
FNDA:0,(anonymous_0)
FNDA:0,(anonymous_1)
FNDA:0,(anonymous_2)
FNDA:0,(anonymous_3)
FNDA:0,(anonymous_4)
FNDA:0,(anonymous_5)
FNDA:0,(anonymous_6)
FNDA:0,(anonymous_7)
FNDA:0,(anonymous_8)
FNDA:0,(anonymous_9)
FNDA:0,(anonymous_10)
FNDA:0,(anonymous_11)
DA:15,0
DA:16,0
DA:17,0
DA:18,0
DA:19,0
DA:28,0
DA:42,0
DA:60,0
DA:61,0
DA:62,0
DA:71,0
DA:83,0
DA:104,0
DA:105,0
DA:106,0
DA:107,0
DA:108,0
DA:109,0
DA:110,0
DA:111,0
DA:120,0
DA:137,0
DA:148,0
DA:149,0
DA:152,0
DA:160,0
DA:162,0
DA:163,0
DA:166,0
DA:167,0
DA:170,0
DA:171,0
DA:172,0
DA:173,0
DA:176,0
DA:177,0
DA:180,0
DA:192,0
DA:193,0
DA:202,0
DA:215,0
LF:41
LH:0
BRDA:14,0,0,0
BRDA:14,1,0,0
BRDA:14,2,0,0
BRDA:14,3,0,0
BRDA:14,4,0,0
BRDA:29,5,0,0
BRDA:29,5,1,0
BRDA:30,6,0,0
BRDA:30,6,1,0
BRDA:31,7,0,0
BRDA:31,7,1,0
BRDA:32,8,0,0
BRDA:32,8,1,0
BRDA:33,9,0,0
BRDA:33,9,1,0
BRDA:59,10,0,0
BRDA:59,11,0,0
BRDA:59,12,0,0
BRDA:72,13,0,0
BRDA:72,13,1,0
BRDA:73,14,0,0
BRDA:73,14,1,0
BRDA:74,15,0,0
BRDA:74,15,1,0
BRDA:103,16,0,0
BRDA:103,17,0,0
BRDA:103,18,0,0
BRDA:103,19,0,0
BRDA:103,20,0,0
BRDA:103,21,0,0
BRDA:103,22,0,0
BRDA:103,23,0,0
BRDA:108,24,0,0
BRDA:108,24,1,0
BRDA:111,25,0,0
BRDA:111,25,1,0
BRDA:121,26,0,0
BRDA:121,26,1,0
BRDA:122,27,0,0
BRDA:122,27,1,0
BRDA:123,28,0,0
BRDA:123,28,1,0
BRDA:124,29,0,0
BRDA:124,29,1,0
BRDA:125,30,0,0
BRDA:125,30,1,0
BRDA:126,31,0,0
BRDA:126,31,1,0
BRDA:127,32,0,0
BRDA:127,32,1,0
BRDA:128,33,0,0
BRDA:128,33,1,0
BRDA:148,34,0,0
BRDA:148,34,1,0
BRDA:162,35,0,0
BRDA:162,35,1,0
BRDA:162,36,0,0
BRDA:162,36,1,0
BRDA:166,37,0,0
BRDA:166,37,1,0
BRDA:166,38,0,0
BRDA:166,38,1,0
BRDA:170,39,0,0
BRDA:170,39,1,0
BRDA:170,40,0,0
BRDA:170,40,1,0
BRDA:172,41,0,0
BRDA:172,41,1,0
BRDA:176,42,0,0
BRDA:176,42,1,0
BRDA:176,43,0,0
BRDA:176,43,1,0
BRDA:176,43,2,0
BRDA:201,44,0,0
BRDA:203,45,0,0
BRDA:203,45,1,0
BRDA:204,46,0,0
BRDA:204,46,1,0
BRDA:205,47,0,0
BRDA:205,47,1,0
BRDA:206,48,0,0
BRDA:206,48,1,0
BRDA:207,49,0,0
BRDA:207,49,1,0
BRDA:208,50,0,0
BRDA:208,50,1,0
BRDA:209,51,0,0
BRDA:209,51,1,0
BRDA:210,52,0,0
BRDA:210,52,1,0
BRF:90
BRH:0
end_of_record
TN:
SF:http/HttpClient.js
FN:15,(anonymous_0)
FN:28,(anonymous_1)
FN:35,(anonymous_2)
FN:43,(anonymous_3)
FN:51,(anonymous_4)
FN:68,(anonymous_5)
FN:79,(anonymous_6)
FN:90,(anonymous_7)
FN:101,(anonymous_8)
FN:111,(anonymous_9)
FN:121,(anonymous_10)
FN:131,(anonymous_11)
FN:139,(anonymous_12)
FN:149,(anonymous_13)
FN:157,(anonymous_14)
FN:166,(anonymous_15)
FN:175,(anonymous_16)
FNF:17
FNH:11
FNDA:4,(anonymous_0)
FNDA:29,(anonymous_1)
FNDA:0,(anonymous_2)
FNDA:23,(anonymous_3)
FNDA:6,(anonymous_4)
FNDA:8,(anonymous_5)
FNDA:6,(anonymous_6)
FNDA:7,(anonymous_7)
FNDA:1,(anonymous_8)
FNDA:7,(anonymous_9)
FNDA:0,(anonymous_10)
FNDA:0,(anonymous_11)
FNDA:0,(anonymous_12)
FNDA:1,(anonymous_13)
FNDA:1,(anonymous_14)
FNDA:0,(anonymous_15)
FNDA:0,(anonymous_16)
DA:1,3
DA:2,3
DA:3,3
DA:16,4
DA:17,4
DA:20,4
DA:27,4
DA:29,29
DA:33,29
DA:36,0
DA:37,0
DA:42,4
DA:44,23
DA:49,23
DA:52,6
DA:57,6
DA:69,8
DA:80,6
DA:91,7
DA:102,1
DA:112,7
DA:122,0
DA:132,0
DA:140,0
DA:141,0
DA:150,1
DA:151,1
DA:158,1
DA:159,1
DA:167,0
DA:168,0
DA:176,0
DA:184,3
LF:33
LH:24
BRDA:15,0,0,2
BRDA:15,1,0,4
BRDA:16,2,0,4
BRDA:16,2,1,2
BRDA:17,3,0,4
BRDA:17,3,1,4
BRDA:52,4,0,6
BRDA:52,4,1,1
BRDA:68,5,0,8
BRDA:79,6,0,0
BRDA:79,7,0,5
BRDA:90,8,0,0
BRDA:90,9,0,7
BRDA:101,10,0,0
BRDA:101,11,0,1
BRDA:111,12,0,7
BRDA:121,13,0,0
BRDA:131,14,0,0
BRDA:149,15,0,1
BRF:19
BRH:14
end_of_record
TN:
SF:logger/ConsoleLogger.js
FN:15,(anonymous_0)
FN:32,(anonymous_1)
FN:41,(anonymous_2)
FN:58,(anonymous_3)
FN:69,(anonymous_4)
FN:90,(anonymous_5)
FN:99,(anonymous_6)
FN:111,(anonymous_7)
FN:124,(anonymous_8)
FN:140,(anonymous_9)
FN:153,(anonymous_10)
FNF:11
FNH:8
FNDA:4,(anonymous_0)
FNDA:60,(anonymous_1)
FNDA:66,(anonymous_2)
FNDA:66,(anonymous_3)
FNDA:60,(anonymous_4)
FNDA:60,(anonymous_5)
FNDA:0,(anonymous_6)
FNDA:0,(anonymous_7)
FNDA:6,(anonymous_8)
FNDA:54,(anonymous_9)
FNDA:0,(anonymous_10)
DA:1,3
DA:16,4
DA:17,4
DA:18,4
DA:19,4
DA:20,4
DA:33,60
DA:42,66
DA:44,66
DA:51,66
DA:59,66
DA:70,60
DA:72,60
DA:73,60
DA:76,60
DA:78,60
DA:79,59
DA:82,60
DA:91,60
DA:100,0
DA:101,0
DA:102,0
DA:112,0
DA:113,0
DA:114,0
DA:125,6
DA:126,6
DA:127,6
DA:129,6
DA:130,6
DA:141,54
DA:142,54
DA:143,54
DA:154,0
DA:156,0
DA:157,0
DA:159,0
DA:160,0
DA:162,0
DA:163,0
DA:165,0
DA:166,0
DA:168,0
DA:173,3
LF:44
LH:28
BRDA:15,0,0,4
BRDA:19,1,0,4
BRDA:19,1,1,4
BRDA:42,2,0,0
BRDA:42,2,1,66
BRDA:51,3,0,66
BRDA:51,3,1,0
BRDA:59,4,0,66
BRDA:59,4,1,0
BRDA:69,5,0,0
BRDA:72,6,0,60
BRDA:72,6,1,0
BRDA:78,7,0,59
BRDA:78,7,1,1
BRDA:99,8,0,0
BRDA:100,9,0,0
BRDA:100,9,1,0
BRDA:111,10,0,0
BRDA:112,11,0,0
BRDA:112,11,1,0
BRDA:124,12,0,0
BRDA:124,13,0,0
BRDA:125,14,0,6
BRDA:125,14,1,0
BRDA:129,15,0,6
BRDA:129,15,1,0
BRDA:140,16,0,1
BRDA:141,17,0,54
BRDA:141,17,1,0
BRDA:153,18,0,0
BRDA:154,19,0,0
BRDA:154,19,1,0
BRDA:154,19,2,0
BRDA:154,19,3,0
BRDA:154,19,4,0
BRF:35
BRH:13
end_of_record
TN:
SF:logger/ILogger.js
FN:11,(anonymous_0)
FN:20,(anonymous_1)
FN:30,(anonymous_2)
FN:39,(anonymous_3)
FN:49,(anonymous_4)
FNF:5
FNH:0
FNDA:0,(anonymous_0)
FNDA:0,(anonymous_1)
FNDA:0,(anonymous_2)
FNDA:0,(anonymous_3)
FNDA:0,(anonymous_4)
DA:12,0
DA:21,0
DA:31,0
DA:40,0
DA:50,0
DA:54,3
LF:6
LH:1
BRDA:11,0,0,0
BRDA:20,1,0,0
BRDA:30,2,0,0
BRDA:30,3,0,0
BRDA:39,4,0,0
BRDA:49,5,0,0
BRF:6
BRH:0
end_of_record
TN:
SF:utils/test-utils.js
FN:13,loadTestData
FN:29,generateRandomPostData
FN:60,generateRandomCommentData
FN:84,delay
FN:85,(anonymous_4)
FN:95,retryWithBackoff
FN:119,validateResponseSchema
FN:123,validateObject
FN:158,createTestFixtures
FN:201,cleanupTestData
FNF:10
FNH:0
FNDA:0,loadTestData
FNDA:0,generateRandomPostData
FNDA:0,generateRandomCommentData
FNDA:0,delay
FNDA:0,(anonymous_4)
FNDA:0,retryWithBackoff
FNDA:0,validateResponseSchema
FNDA:0,validateObject
FNDA:0,createTestFixtures
FNDA:0,cleanupTestData
DA:5,0
DA:6,0
DA:14,0
DA:16,0
DA:17,0
DA:20,0
DA:21,0
DA:30,0
DA:38,0
DA:46,0
DA:61,0
DA:62,0
DA:70,0
DA:85,0
DA:96,0
DA:98,0
DA:99,0
DA:100,0
DA:102,0
DA:103,0
DA:106,0
DA:107,0
DA:108,0
DA:120,0
DA:121,0
DA:124,0
DA:125,0
DA:127,0
DA:128,0
DA:129,0
DA:132,0
DA:133,0
DA:134,0
DA:136,0
DA:137,0
DA:138,0
DA:139,0
DA:140,0
DA:141,0
DA:146,0
DA:148,0
DA:159,0
DA:204,0
DA:207,0
LF:44
LH:0
BRDA:16,0,0,0
BRDA:16,0,1,0
BRDA:29,1,0,0
BRDA:60,2,0,0
BRDA:71,3,0,0
BRDA:71,3,1,0
BRDA:95,4,0,0
BRDA:95,5,0,0
BRDA:102,6,0,0
BRDA:102,6,1,0
BRDA:123,7,0,0
BRDA:125,8,0,0
BRDA:125,8,1,0
BRDA:127,9,0,0
BRDA:127,9,1,0
BRDA:136,10,0,0
BRDA:136,10,1,0
BRDA:136,11,0,0
BRDA:136,11,1,0
BRDA:138,12,0,0
BRDA:138,12,1,0
BRDA:138,13,0,0
BRDA:138,13,1,0
BRDA:140,14,0,0
BRDA:140,14,1,0
BRDA:140,15,0,0
BRDA:140,15,1,0
BRF:27
BRH:0
end_of_record
